  [1m[35m (0.1ms)[0m  [1m[34mSELECT sqlite_version(*)[0m
  ↳ bin/rails:9
  [1m[35m (115.5ms)[0m  [1m[35mCREATE TABLE "schema_migrations" ("version" varchar NOT NULL PRIMARY KEY)[0m
  ↳ bin/rails:9
  [1m[35m (131.9ms)[0m  [1m[35mCREATE TABLE "ar_internal_metadata" ("key" varchar NOT NULL PRIMARY KEY, "value" varchar, "created_at" datetime NOT NULL, "updated_at" datetime NOT NULL)[0m
  ↳ bin/rails:9
  [1m[35m (0.1ms)[0m  [1m[34mSELECT "schema_migrations"."version" FROM "schema_migrations" ORDER BY "schema_migrations"."version" ASC[0m
  ↳ bin/rails:9
Migrating to CreateUsers (20180601022222)
  [1m[35m (0.0ms)[0m  [1m[36mbegin transaction[0m
  ↳ bin/rails:9
  [1m[35m (0.3ms)[0m  [1m[35mCREATE TABLE "users" ("id" integer PRIMARY KEY AUTOINCREMENT NOT NULL, "name" varchar, "email" varchar, "created_at" datetime NOT NULL, "updated_at" datetime NOT NULL)[0m
  ↳ db/migrate/20180601022222_create_users.rb:3
  [1m[36mActiveRecord::SchemaMigration Create (0.1ms)[0m  [1m[32mINSERT INTO "schema_migrations" ("version") VALUES (?)[0m  [["version", "20180601022222"]]
  ↳ bin/rails:9
  [1m[35m (56.3ms)[0m  [1m[36mcommit transaction[0m
  ↳ bin/rails:9
  [1m[36mActiveRecord::InternalMetadata Load (0.1ms)[0m  [1m[34mSELECT  "ar_internal_metadata".* FROM "ar_internal_metadata" WHERE "ar_internal_metadata"."key" = ? LIMIT ?[0m  [["key", "environment"], ["LIMIT", 1]]
  ↳ bin/rails:9
  [1m[35m (0.0ms)[0m  [1m[36mbegin transaction[0m
  ↳ bin/rails:9
  [1m[36mActiveRecord::InternalMetadata Create (0.2ms)[0m  [1m[32mINSERT INTO "ar_internal_metadata" ("key", "value", "created_at", "updated_at") VALUES (?, ?, ?, ?)[0m  [["key", "environment"], ["value", "development"], ["created_at", "2018-06-01 02:22:33.487403"], ["updated_at", "2018-06-01 02:22:33.487403"]]
  ↳ bin/rails:9
  [1m[35m (49.1ms)[0m  [1m[36mcommit transaction[0m
  ↳ bin/rails:9
  [1m[35m (0.1ms)[0m  [1m[34mSELECT "schema_migrations"."version" FROM "schema_migrations" ORDER BY "schema_migrations"."version" ASC[0m
  ↳ bin/rails:9
Started GET "/users" for 127.0.0.1 at 2018-06-01 09:22:47 +0700
  [1m[35m (0.1ms)[0m  [1m[34mSELECT "schema_migrations"."version" FROM "schema_migrations" ORDER BY "schema_migrations"."version" ASC[0m
  ↳ /home/heomapmap/.rvm/gems/ruby-2.5.1/gems/activerecord-5.2.0/lib/active_record/log_subscriber.rb:98
Processing by UsersController#index as HTML
  Rendering users/index.html.erb within layouts/application
  [1m[36mUser Load (0.2ms)[0m  [1m[34mSELECT "users".* FROM "users"[0m
  ↳ app/views/users/index.html.erb:15
  Rendered users/index.html.erb within layouts/application (3.4ms)
Completed 200 OK in 1389ms (Views: 1382.1ms | ActiveRecord: 0.5ms)


Started GET "/users/new" for 127.0.0.1 at 2018-06-01 09:22:52 +0700
Processing by UsersController#new as HTML
  Rendering users/new.html.erb within layouts/application
  Rendered users/_form.html.erb (60.8ms)
  Rendered users/new.html.erb within layouts/application (61.6ms)
Completed 200 OK in 77ms (Views: 71.6ms | ActiveRecord: 0.6ms)


Started POST "/users" for 127.0.0.1 at 2018-06-01 09:22:59 +0700
Processing by UsersController#create as HTML
  Parameters: {"utf8"=>"✓", "authenticity_token"=>"oIxx3IdXn0gQ7W78WELEs1S9Bh/MB/QDOCbmqAO+MJbH3I5AfZJttyPLvgRqA3JFCY9j8eb7mtL1SscfNX4q+g==", "user"=>{"name"=>"Selena", "email"=>"selena@vinova.sg"}, "commit"=>"Create User"}
  [1m[35m (0.0ms)[0m  [1m[36mbegin transaction[0m
  ↳ app/controllers/users_controller.rb:30
  [1m[36mUser Create (0.2ms)[0m  [1m[32mINSERT INTO "users" ("name", "email", "created_at", "updated_at") VALUES (?, ?, ?, ?)[0m  [["name", "Selena"], ["email", "selena@vinova.sg"], ["created_at", "2018-06-01 02:22:59.649162"], ["updated_at", "2018-06-01 02:22:59.649162"]]
  ↳ app/controllers/users_controller.rb:30
  [1m[35m (108.5ms)[0m  [1m[36mcommit transaction[0m
  ↳ app/controllers/users_controller.rb:30
Redirected to http://localhost:3000/users/1
Completed 302 Found in 113ms (ActiveRecord: 108.8ms)


Started GET "/users/1" for 127.0.0.1 at 2018-06-01 09:22:59 +0700
Processing by UsersController#show as HTML
  Parameters: {"id"=>"1"}
  [1m[36mUser Load (0.2ms)[0m  [1m[34mSELECT  "users".* FROM "users" WHERE "users"."id" = ? LIMIT ?[0m  [["id", 1], ["LIMIT", 1]]
  ↳ app/controllers/users_controller.rb:67
  Rendering users/show.html.erb within layouts/application
  Rendered users/show.html.erb within layouts/application (0.5ms)
Completed 200 OK in 24ms (Views: 10.7ms | ActiveRecord: 0.2ms)


Started GET "/new" for 127.0.0.1 at 2018-06-01 09:23:10 +0700
  
ActionController::RoutingError (No route matches [GET] "/new"):
  
actionpack (5.2.0) lib/action_dispatch/middleware/debug_exceptions.rb:65:in `call'
web-console (3.6.2) lib/web_console/middleware.rb:135:in `call_app'
web-console (3.6.2) lib/web_console/middleware.rb:30:in `block in call'
web-console (3.6.2) lib/web_console/middleware.rb:20:in `catch'
web-console (3.6.2) lib/web_console/middleware.rb:20:in `call'
actionpack (5.2.0) lib/action_dispatch/middleware/show_exceptions.rb:33:in `call'
railties (5.2.0) lib/rails/rack/logger.rb:38:in `call_app'
railties (5.2.0) lib/rails/rack/logger.rb:26:in `block in call'
activesupport (5.2.0) lib/active_support/tagged_logging.rb:71:in `block in tagged'
activesupport (5.2.0) lib/active_support/tagged_logging.rb:28:in `tagged'
activesupport (5.2.0) lib/active_support/tagged_logging.rb:71:in `tagged'
railties (5.2.0) lib/rails/rack/logger.rb:26:in `call'
sprockets-rails (3.2.1) lib/sprockets/rails/quiet_assets.rb:13:in `call'
actionpack (5.2.0) lib/action_dispatch/middleware/remote_ip.rb:81:in `call'
actionpack (5.2.0) lib/action_dispatch/middleware/request_id.rb:27:in `call'
rack (2.0.5) lib/rack/method_override.rb:22:in `call'
rack (2.0.5) lib/rack/runtime.rb:22:in `call'
activesupport (5.2.0) lib/active_support/cache/strategy/local_cache_middleware.rb:29:in `call'
actionpack (5.2.0) lib/action_dispatch/middleware/executor.rb:14:in `call'
actionpack (5.2.0) lib/action_dispatch/middleware/static.rb:127:in `call'
rack (2.0.5) lib/rack/sendfile.rb:111:in `call'
railties (5.2.0) lib/rails/engine.rb:524:in `call'
puma (3.11.4) lib/puma/configuration.rb:225:in `call'
puma (3.11.4) lib/puma/server.rb:632:in `handle_request'
puma (3.11.4) lib/puma/server.rb:446:in `process_client'
puma (3.11.4) lib/puma/server.rb:306:in `block in run'
puma (3.11.4) lib/puma/thread_pool.rb:120:in `block in spawn_thread'
Started GET "/users/new" for 127.0.0.1 at 2018-06-01 09:23:17 +0700
Processing by UsersController#new as HTML
  Rendering users/new.html.erb within layouts/application
  Rendered users/_form.html.erb (1.2ms)
  Rendered users/new.html.erb within layouts/application (1.9ms)
Completed 200 OK in 15ms (Views: 13.8ms | ActiveRecord: 0.0ms)


Started GET "/users/1/edit" for 127.0.0.1 at 2018-06-01 09:23:26 +0700
Processing by UsersController#edit as HTML
  Parameters: {"id"=>"1"}
  [1m[36mUser Load (0.1ms)[0m  [1m[34mSELECT  "users".* FROM "users" WHERE "users"."id" = ? LIMIT ?[0m  [["id", 1], ["LIMIT", 1]]
  ↳ app/controllers/users_controller.rb:67
  Rendering users/edit.html.erb within layouts/application
  Rendered users/_form.html.erb (1.2ms)
  Rendered users/edit.html.erb within layouts/application (2.0ms)
Completed 200 OK in 14ms (Views: 12.2ms | ActiveRecord: 0.1ms)


Started GET "/index" for 127.0.0.1 at 2018-06-01 09:23:39 +0700
  
ActionController::RoutingError (No route matches [GET] "/index"):
  
actionpack (5.2.0) lib/action_dispatch/middleware/debug_exceptions.rb:65:in `call'
web-console (3.6.2) lib/web_console/middleware.rb:135:in `call_app'
web-console (3.6.2) lib/web_console/middleware.rb:30:in `block in call'
web-console (3.6.2) lib/web_console/middleware.rb:20:in `catch'
web-console (3.6.2) lib/web_console/middleware.rb:20:in `call'
actionpack (5.2.0) lib/action_dispatch/middleware/show_exceptions.rb:33:in `call'
railties (5.2.0) lib/rails/rack/logger.rb:38:in `call_app'
railties (5.2.0) lib/rails/rack/logger.rb:26:in `block in call'
activesupport (5.2.0) lib/active_support/tagged_logging.rb:71:in `block in tagged'
activesupport (5.2.0) lib/active_support/tagged_logging.rb:28:in `tagged'
activesupport (5.2.0) lib/active_support/tagged_logging.rb:71:in `tagged'
railties (5.2.0) lib/rails/rack/logger.rb:26:in `call'
sprockets-rails (3.2.1) lib/sprockets/rails/quiet_assets.rb:13:in `call'
actionpack (5.2.0) lib/action_dispatch/middleware/remote_ip.rb:81:in `call'
actionpack (5.2.0) lib/action_dispatch/middleware/request_id.rb:27:in `call'
rack (2.0.5) lib/rack/method_override.rb:22:in `call'
rack (2.0.5) lib/rack/runtime.rb:22:in `call'
activesupport (5.2.0) lib/active_support/cache/strategy/local_cache_middleware.rb:29:in `call'
actionpack (5.2.0) lib/action_dispatch/middleware/executor.rb:14:in `call'
actionpack (5.2.0) lib/action_dispatch/middleware/static.rb:127:in `call'
rack (2.0.5) lib/rack/sendfile.rb:111:in `call'
railties (5.2.0) lib/rails/engine.rb:524:in `call'
puma (3.11.4) lib/puma/configuration.rb:225:in `call'
puma (3.11.4) lib/puma/server.rb:632:in `handle_request'
puma (3.11.4) lib/puma/server.rb:446:in `process_client'
puma (3.11.4) lib/puma/server.rb:306:in `block in run'
puma (3.11.4) lib/puma/thread_pool.rb:120:in `block in spawn_thread'
Started GET "/users/index" for 127.0.0.1 at 2018-06-01 09:23:45 +0700
Processing by UsersController#show as HTML
  Parameters: {"id"=>"index"}
  [1m[36mUser Load (0.1ms)[0m  [1m[34mSELECT  "users".* FROM "users" WHERE "users"."id" = ? LIMIT ?[0m  [["id", 0], ["LIMIT", 1]]
  ↳ app/controllers/users_controller.rb:67
Completed 404 Not Found in 1ms (ActiveRecord: 0.1ms)


  
ActiveRecord::RecordNotFound (Couldn't find User with 'id'=index):
  
app/controllers/users_controller.rb:67:in `set_user'
Started GET "/users/" for 127.0.0.1 at 2018-06-01 09:23:54 +0700
Processing by UsersController#index as HTML
  Rendering users/index.html.erb within layouts/application
  [1m[36mUser Load (0.1ms)[0m  [1m[34mSELECT "users".* FROM "users"[0m
  ↳ app/views/users/index.html.erb:15
  Rendered users/index.html.erb within layouts/application (1.4ms)
Completed 200 OK in 17ms (Views: 16.1ms | ActiveRecord: 0.1ms)


Started GET "/users/new" for 127.0.0.1 at 2018-06-01 09:24:58 +0700
Processing by UsersController#new as HTML
  Rendering users/new.html.erb within layouts/application
  Rendered users/_form.html.erb (1.5ms)
  Rendered users/new.html.erb within layouts/application (2.6ms)
Completed 200 OK in 17ms (Views: 16.0ms | ActiveRecord: 0.0ms)


Started POST "/users" for 127.0.0.1 at 2018-06-01 09:25:00 +0700
Processing by UsersController#create as HTML
  Parameters: {"utf8"=>"✓", "authenticity_token"=>"NevumFRXyXPhlX4r+Qc2s5ZCMtdL4VSsc/YpICPrKMBSuxEErpI7jNKzrtPLRoBFy3BXOWEdOn2+mgiXFSsyrA==", "user"=>{"name"=>"a", "email"=>""}, "commit"=>"Create User"}
  [1m[35m (0.1ms)[0m  [1m[36mbegin transaction[0m
  ↳ app/controllers/users_controller.rb:30
  [1m[36mUser Create (0.2ms)[0m  [1m[32mINSERT INTO "users" ("name", "email", "created_at", "updated_at") VALUES (?, ?, ?, ?)[0m  [["name", "a"], ["email", ""], ["created_at", "2018-06-01 02:25:00.480619"], ["updated_at", "2018-06-01 02:25:00.480619"]]
  ↳ app/controllers/users_controller.rb:30
  [1m[35m (127.9ms)[0m  [1m[36mcommit transaction[0m
  ↳ app/controllers/users_controller.rb:30
Redirected to http://localhost:3000/users/2
Completed 302 Found in 131ms (ActiveRecord: 128.1ms)


Started GET "/users/2" for 127.0.0.1 at 2018-06-01 09:25:00 +0700
Processing by UsersController#show as HTML
  Parameters: {"id"=>"2"}
  [1m[36mUser Load (0.1ms)[0m  [1m[34mSELECT  "users".* FROM "users" WHERE "users"."id" = ? LIMIT ?[0m  [["id", 2], ["LIMIT", 1]]
  ↳ app/controllers/users_controller.rb:67
  Rendering users/show.html.erb within layouts/application
  Rendered users/show.html.erb within layouts/application (0.7ms)
Completed 200 OK in 17ms (Views: 15.5ms | ActiveRecord: 0.1ms)


Started GET "/users" for 127.0.0.1 at 2018-06-01 09:25:25 +0700
Processing by UsersController#index as HTML
  Rendering users/index.html.erb within layouts/application
  [1m[36mUser Load (0.2ms)[0m  [1m[34mSELECT "users".* FROM "users"[0m
  ↳ app/views/users/index.html.erb:15
  Rendered users/index.html.erb within layouts/application (1.9ms)
Completed 200 OK in 17ms (Views: 16.1ms | ActiveRecord: 0.2ms)


Started DELETE "/users/2" for 127.0.0.1 at 2018-06-01 09:25:34 +0700
Processing by UsersController#destroy as HTML
  Parameters: {"authenticity_token"=>"VYOqM6y06mnF0Mviq5Gq6Bvl3M1PHE3F0o8AbDMoSB6sNZKZbKCHoMJEYD20nGMfr3AaCiuqH3lHSPvLy9XfDQ==", "id"=>"2"}
  [1m[36mUser Load (0.1ms)[0m  [1m[34mSELECT  "users".* FROM "users" WHERE "users"."id" = ? LIMIT ?[0m  [["id", 2], ["LIMIT", 1]]
  ↳ app/controllers/users_controller.rb:67
  [1m[35m (0.0ms)[0m  [1m[36mbegin transaction[0m
  ↳ app/controllers/users_controller.rb:57
  [1m[36mUser Destroy (0.4ms)[0m  [1m[31mDELETE FROM "users" WHERE "users"."id" = ?[0m  [["id", 2]]
  ↳ app/controllers/users_controller.rb:57
  [1m[35m (48.3ms)[0m  [1m[36mcommit transaction[0m
  ↳ app/controllers/users_controller.rb:57
Redirected to http://localhost:3000/users
Completed 302 Found in 52ms (ActiveRecord: 48.9ms)


Started GET "/users" for 127.0.0.1 at 2018-06-01 09:25:34 +0700
Processing by UsersController#index as HTML
  Rendering users/index.html.erb within layouts/application
  [1m[36mUser Load (0.1ms)[0m  [1m[34mSELECT "users".* FROM "users"[0m
  ↳ app/views/users/index.html.erb:15
  Rendered users/index.html.erb within layouts/application (1.2ms)
Completed 200 OK in 15ms (Views: 13.9ms | ActiveRecord: 0.1ms)


Started GET "/users" for 127.0.0.1 at 2018-06-01 09:35:41 +0700
Processing by UsersController#index as HTML
Completed 500 Internal Server Error in 11ms (ActiveRecord: 0.3ms)


  
NameError (undefined local variable or method `message' for #<Class:0x00007f4d0d5e9a50>):
  
app/models/user.rb:3:in `<class:User>'
app/models/user.rb:1:in `<main>'
app/controllers/users_controller.rb:7:in `index'
Started GET "/users" for 127.0.0.1 at 2018-06-01 09:36:11 +0700
Processing by UsersController#index as HTML
Completed 500 Internal Server Error in 22ms (ActiveRecord: 0.5ms)


  
NoMethodError (undefined method `validates_email_format_of' for #<Class:0x00007f4d00357a60>
Did you mean?  validates_format_of):
  
app/models/user.rb:3:in `<class:User>'
app/models/user.rb:1:in `<main>'
app/controllers/users_controller.rb:7:in `index'
Started GET "/users" for 127.0.0.1 at 2018-06-01 09:37:01 +0700
Processing by UsersController#index as HTML
Completed 500 Internal Server Error in 31ms (ActiveRecord: 0.0ms)


  
NoMethodError (undefined method `validates_email_format_of' for #<Class:0x00007f4d0ec1cc50>
Did you mean?  validates_format_of):
  
app/models/user.rb:3:in `<class:User>'
app/models/user.rb:1:in `<main>'
app/controllers/users_controller.rb:7:in `index'
Started GET "/users" for 127.0.0.1 at 2018-06-01 09:37:02 +0700
Processing by UsersController#index as HTML
Completed 500 Internal Server Error in 20ms (ActiveRecord: 0.0ms)


  
NoMethodError (undefined method `validates_email_format_of' for #<Class:0x00007f4d0cb2b6b8>
Did you mean?  validates_format_of):
  
app/models/user.rb:3:in `<class:User>'
app/models/user.rb:1:in `<main>'
app/controllers/users_controller.rb:7:in `index'
Started GET "/users" for 127.0.0.1 at 2018-06-01 09:37:03 +0700
Processing by UsersController#index as HTML
Completed 500 Internal Server Error in 23ms (ActiveRecord: 0.0ms)


  
NoMethodError (undefined method `validates_email_format_of' for #<Class:0x00007f4d040524b0>
Did you mean?  validates_format_of):
  
app/models/user.rb:3:in `<class:User>'
app/models/user.rb:1:in `<main>'
app/controllers/users_controller.rb:7:in `index'
Started GET "/users" for 127.0.0.1 at 2018-06-01 09:37:03 +0700
Processing by UsersController#index as HTML
Completed 500 Internal Server Error in 24ms (ActiveRecord: 0.0ms)


  
NoMethodError (undefined method `validates_email_format_of' for #<Class:0x00007f4d0dc50ec0>
Did you mean?  validates_format_of):
  
app/models/user.rb:3:in `<class:User>'
app/models/user.rb:1:in `<main>'
app/controllers/users_controller.rb:7:in `index'
Started GET "/users" for 127.0.0.1 at 2018-06-01 09:37:03 +0700
Processing by UsersController#index as HTML
Completed 500 Internal Server Error in 21ms (ActiveRecord: 0.0ms)


  
NoMethodError (undefined method `validates_email_format_of' for #<Class:0x00007f4d0ed2a2f0>
Did you mean?  validates_format_of):
  
app/models/user.rb:3:in `<class:User>'
app/models/user.rb:1:in `<main>'
app/controllers/users_controller.rb:7:in `index'
Started GET "/users" for 127.0.0.1 at 2018-06-01 09:37:03 +0700
Processing by UsersController#index as HTML
Completed 500 Internal Server Error in 22ms (ActiveRecord: 0.0ms)


  
NoMethodError (undefined method `validates_email_format_of' for #<Class:0x00007f4d0ea270f8>
Did you mean?  validates_format_of):
  
app/models/user.rb:3:in `<class:User>'
app/models/user.rb:1:in `<main>'
app/controllers/users_controller.rb:7:in `index'
Started GET "/users" for 127.0.0.1 at 2018-06-01 09:37:04 +0700
Processing by UsersController#index as HTML
Completed 500 Internal Server Error in 26ms (ActiveRecord: 0.0ms)


  
NoMethodError (undefined method `validates_email_format_of' for #<Class:0x00000000040abd98>
Did you mean?  validates_format_of):
  
app/models/user.rb:3:in `<class:User>'
app/models/user.rb:1:in `<main>'
app/controllers/users_controller.rb:7:in `index'
Started GET "/users" for 127.0.0.1 at 2018-06-01 09:37:04 +0700
Processing by UsersController#index as HTML
Completed 500 Internal Server Error in 21ms (ActiveRecord: 0.0ms)


  
NoMethodError (undefined method `validates_email_format_of' for #<Class:0x00007f4d08092340>
Did you mean?  validates_format_of):
  
app/models/user.rb:3:in `<class:User>'
app/models/user.rb:1:in `<main>'
app/controllers/users_controller.rb:7:in `index'
Started GET "/users" for 127.0.0.1 at 2018-06-01 09:37:37 +0700
Processing by UsersController#index as HTML
Completed 500 Internal Server Error in 3ms (ActiveRecord: 0.0ms)


  
ArgumentError (Unknown validator: 'EmailFormatValidator'):
  
app/models/user.rb:2:in `<class:User>'
app/models/user.rb:1:in `<main>'
app/controllers/users_controller.rb:7:in `index'
Started GET "/users" for 127.0.0.1 at 2018-06-01 09:37:38 +0700
Processing by UsersController#index as HTML
Completed 500 Internal Server Error in 4ms (ActiveRecord: 0.0ms)


  
ArgumentError (Unknown validator: 'EmailFormatValidator'):
  
app/models/user.rb:2:in `<class:User>'
app/models/user.rb:1:in `<main>'
app/controllers/users_controller.rb:7:in `index'
Started GET "/users" for 127.0.0.1 at 2018-06-01 09:37:39 +0700
Processing by UsersController#index as HTML
Completed 500 Internal Server Error in 3ms (ActiveRecord: 0.0ms)


  
ArgumentError (Unknown validator: 'EmailFormatValidator'):
  
app/models/user.rb:2:in `<class:User>'
app/models/user.rb:1:in `<main>'
app/controllers/users_controller.rb:7:in `index'
Started GET "/users" for 127.0.0.1 at 2018-06-01 09:37:40 +0700
Processing by UsersController#index as HTML
Completed 500 Internal Server Error in 4ms (ActiveRecord: 0.0ms)


  
ArgumentError (Unknown validator: 'EmailFormatValidator'):
  
app/models/user.rb:2:in `<class:User>'
app/models/user.rb:1:in `<main>'
app/controllers/users_controller.rb:7:in `index'
Started GET "/users" for 127.0.0.1 at 2018-06-01 09:39:17 +0700
Processing by UsersController#index as HTML
Completed 500 Internal Server Error in 3ms (ActiveRecord: 0.0ms)


  
ArgumentError (Unknown validator: 'EmailFormatValidator'):
  
app/models/user.rb:2:in `<class:User>'
app/models/user.rb:1:in `<main>'
app/controllers/users_controller.rb:7:in `index'
Started GET "/users" for 127.0.0.1 at 2018-06-01 09:39:38 +0700
Processing by UsersController#index as HTML
Completed 500 Internal Server Error in 3ms (ActiveRecord: 0.0ms)


  
NameError (uninitialized constant User::ValidatesEmailFormatOf):
  
app/models/user.rb:3:in `<class:User>'
app/models/user.rb:1:in `<main>'
app/controllers/users_controller.rb:7:in `index'
Started GET "/users" for 127.0.0.1 at 2018-06-01 09:39:39 +0700
Processing by UsersController#index as HTML
Completed 500 Internal Server Error in 3ms (ActiveRecord: 0.0ms)


  
NameError (uninitialized constant User::ValidatesEmailFormatOf):
  
app/models/user.rb:3:in `<class:User>'
app/models/user.rb:1:in `<main>'
app/controllers/users_controller.rb:7:in `index'
Started GET "/users" for 127.0.0.1 at 2018-06-01 09:39:40 +0700
Processing by UsersController#index as HTML
Completed 500 Internal Server Error in 4ms (ActiveRecord: 0.0ms)


  
NameError (uninitialized constant User::ValidatesEmailFormatOf):
  
app/models/user.rb:3:in `<class:User>'
app/models/user.rb:1:in `<main>'
app/controllers/users_controller.rb:7:in `index'
Started GET "/users" for 127.0.0.1 at 2018-06-01 09:39:40 +0700
Processing by UsersController#index as HTML
Completed 500 Internal Server Error in 3ms (ActiveRecord: 0.0ms)


  
NameError (uninitialized constant User::ValidatesEmailFormatOf):
  
app/models/user.rb:3:in `<class:User>'
app/models/user.rb:1:in `<main>'
app/controllers/users_controller.rb:7:in `index'
Started GET "/users" for 127.0.0.1 at 2018-06-01 09:39:40 +0700
Processing by UsersController#index as HTML
Completed 500 Internal Server Error in 3ms (ActiveRecord: 0.0ms)


  
NameError (uninitialized constant User::ValidatesEmailFormatOf):
  
app/models/user.rb:3:in `<class:User>'
app/models/user.rb:1:in `<main>'
app/controllers/users_controller.rb:7:in `index'
Started GET "/users" for 127.0.0.1 at 2018-06-01 09:39:40 +0700
Processing by UsersController#index as HTML
Completed 500 Internal Server Error in 2ms (ActiveRecord: 0.0ms)


  
NameError (uninitialized constant User::ValidatesEmailFormatOf):
  
app/models/user.rb:3:in `<class:User>'
app/models/user.rb:1:in `<main>'
app/controllers/users_controller.rb:7:in `index'
Started GET "/users" for 127.0.0.1 at 2018-06-01 09:39:40 +0700
Processing by UsersController#index as HTML
Completed 500 Internal Server Error in 3ms (ActiveRecord: 0.0ms)


  
NameError (uninitialized constant User::ValidatesEmailFormatOf):
  
app/models/user.rb:3:in `<class:User>'
app/models/user.rb:1:in `<main>'
app/controllers/users_controller.rb:7:in `index'
  [1m[35m (0.0ms)[0m  [1m[36mbegin transaction[0m
  [1m[36mUser Create (0.2ms)[0m  [1m[32mINSERT INTO "users" ("email", "created_at", "updated_at") VALUES (?, ?, ?)[0m  [["email", "heomapmap@vinova.sg"], ["created_at", "2018-06-01 02:46:35.363049"], ["updated_at", "2018-06-01 02:46:35.363049"]]
  [1m[35m (55.7ms)[0m  [1m[36mcommit transaction[0m
  [1m[35m (0.1ms)[0m  [1m[36mbegin transaction[0m
  [1m[36mUser Create (0.4ms)[0m  [1m[32mINSERT INTO "users" ("email", "created_at", "updated_at") VALUES (?, ?, ?)[0m  [["email", "heomapmap@vinova.sg"], ["created_at", "2018-06-01 02:46:42.480830"], ["updated_at", "2018-06-01 02:46:42.480830"]]
  [1m[35m (63.9ms)[0m  [1m[36mcommit transaction[0m
Started GET "/users" for 127.0.0.1 at 2018-06-01 10:00:12 +0700
Processing by UsersController#index as HTML
  Rendering users/index.html.erb within layouts/application
  [1m[36mUser Load (0.2ms)[0m  [1m[34mSELECT "users".* FROM "users"[0m
  ↳ app/views/users/index.html.erb:15
  Rendered users/index.html.erb within layouts/application (6.8ms)
Completed 200 OK in 20ms (Views: 16.9ms | ActiveRecord: 0.9ms)


Started GET "/users/3/edit" for 127.0.0.1 at 2018-06-01 10:00:18 +0700
Processing by UsersController#edit as HTML
  Parameters: {"id"=>"3"}
  [1m[36mUser Load (0.2ms)[0m  [1m[34mSELECT  "users".* FROM "users" WHERE "users"."id" = ? LIMIT ?[0m  [["id", 3], ["LIMIT", 1]]
  ↳ app/controllers/users_controller.rb:67
  Rendering users/edit.html.erb within layouts/application
  Rendered users/_form.html.erb (2.4ms)
  Rendered users/edit.html.erb within layouts/application (4.0ms)
Completed 200 OK in 20ms (Views: 17.6ms | ActiveRecord: 0.2ms)


Started PATCH "/users/3" for 127.0.0.1 at 2018-06-01 10:00:24 +0700
Processing by UsersController#update as HTML
  Parameters: {"utf8"=>"✓", "authenticity_token"=>"ng8F9e2JBMuzH82RrYTAt8GvOXjKaMiFzvczNGT3S8luod6l6U0s5IPw9m8/k1KVfvgXPX/UibO5ZPi9SNnt8Q==", "user"=>{"name"=>"", "email"=>""}, "commit"=>"Update User", "id"=>"3"}
  [1m[36mUser Load (0.1ms)[0m  [1m[34mSELECT  "users".* FROM "users" WHERE "users"."id" = ? LIMIT ?[0m  [["id", 3], ["LIMIT", 1]]
  ↳ app/controllers/users_controller.rb:67
  [1m[35m (0.0ms)[0m  [1m[36mbegin transaction[0m
  ↳ app/controllers/users_controller.rb:44
  [1m[35m (0.1ms)[0m  [1m[31mrollback transaction[0m
  ↳ app/controllers/users_controller.rb:44
  Rendering users/edit.html.erb within layouts/application
  Rendered users/_form.html.erb (1.6ms)
  Rendered users/edit.html.erb within layouts/application (2.5ms)
Completed 200 OK in 18ms (Views: 14.7ms | ActiveRecord: 0.2ms)


Started PATCH "/users/3" for 127.0.0.1 at 2018-06-01 10:00:34 +0700
Processing by UsersController#update as HTML
  Parameters: {"utf8"=>"✓", "authenticity_token"=>"sudAAGB1H/6cgwJ7HzEGz16hKP1NCw8ixXqnmxSODohLUXiqoGFyN5sXqaQAPM846jTuOim9XZ5QvVw87HOZmw==", "user"=>{"name"=>"", "email"=>"a"}, "commit"=>"Update User", "id"=>"3"}
  [1m[36mUser Load (0.1ms)[0m  [1m[34mSELECT  "users".* FROM "users" WHERE "users"."id" = ? LIMIT ?[0m  [["id", 3], ["LIMIT", 1]]
  ↳ app/controllers/users_controller.rb:67
  [1m[35m (0.0ms)[0m  [1m[36mbegin transaction[0m
  ↳ app/controllers/users_controller.rb:44
  [1m[35m (0.1ms)[0m  [1m[31mrollback transaction[0m
  ↳ app/controllers/users_controller.rb:44
  Rendering users/edit.html.erb within layouts/application
  Rendered users/_form.html.erb (2.0ms)
  Rendered users/edit.html.erb within layouts/application (2.8ms)
Completed 200 OK in 17ms (Views: 14.5ms | ActiveRecord: 0.2ms)


Started GET "/users" for 127.0.0.1 at 2018-06-01 10:19:39 +0700
Processing by UsersController#index as HTML
  Rendering users/index.html.erb within layouts/application
  [1m[36mUser Load (0.1ms)[0m  [1m[34mSELECT "users".* FROM "users"[0m
  ↳ app/views/users/index.html.erb:15
  Rendered users/index.html.erb within layouts/application (1.5ms)
Completed 200 OK in 18ms (Views: 17.2ms | ActiveRecord: 0.1ms)


Started GET "/users/1/edit" for 127.0.0.1 at 2018-06-01 10:19:42 +0700
Processing by UsersController#edit as HTML
  Parameters: {"id"=>"1"}
  [1m[36mUser Load (0.2ms)[0m  [1m[34mSELECT  "users".* FROM "users" WHERE "users"."id" = ? LIMIT ?[0m  [["id", 1], ["LIMIT", 1]]
  ↳ app/controllers/users_controller.rb:67
  Rendering users/edit.html.erb within layouts/application
  Rendered users/_form.html.erb (2.1ms)
  Rendered users/edit.html.erb within layouts/application (3.3ms)
Completed 200 OK in 23ms (Views: 21.3ms | ActiveRecord: 0.2ms)


Started PATCH "/users/1" for 127.0.0.1 at 2018-06-01 10:19:44 +0700
Processing by UsersController#update as HTML
  Parameters: {"utf8"=>"✓", "authenticity_token"=>"raYqrXpTcukMT8glqthoYQWvirz1ktNN12nY+OaQdp6kzvJV/Odx29PFMSVgF+mz7gP1TreerTgK3qSlftgN8Q==", "user"=>{"name"=>"Selena", "email"=>"selena@vinova.sg"}, "commit"=>"Update User", "id"=>"1"}
  [1m[36mUser Load (0.2ms)[0m  [1m[34mSELECT  "users".* FROM "users" WHERE "users"."id" = ? LIMIT ?[0m  [["id", 1], ["LIMIT", 1]]
  ↳ app/controllers/users_controller.rb:67
  [1m[35m (0.0ms)[0m  [1m[36mbegin transaction[0m
  ↳ app/controllers/users_controller.rb:44
  [1m[35m (0.0ms)[0m  [1m[36mcommit transaction[0m
  ↳ app/controllers/users_controller.rb:44
Redirected to http://localhost:3000/users/1
Completed 302 Found in 3ms (ActiveRecord: 0.3ms)


Started GET "/users/1" for 127.0.0.1 at 2018-06-01 10:19:44 +0700
Processing by UsersController#show as HTML
  Parameters: {"id"=>"1"}
  [1m[36mUser Load (0.1ms)[0m  [1m[34mSELECT  "users".* FROM "users" WHERE "users"."id" = ? LIMIT ?[0m  [["id", 1], ["LIMIT", 1]]
  ↳ app/controllers/users_controller.rb:67
  Rendering users/show.html.erb within layouts/application
  Rendered users/show.html.erb within layouts/application (0.5ms)
Completed 200 OK in 15ms (Views: 13.5ms | ActiveRecord: 0.1ms)


Started GET "/users" for 127.0.0.1 at 2018-06-01 10:19:48 +0700
Processing by UsersController#index as HTML
  Rendering users/index.html.erb within layouts/application
  [1m[36mUser Load (0.2ms)[0m  [1m[34mSELECT "users".* FROM "users"[0m
  ↳ app/views/users/index.html.erb:15
  Rendered users/index.html.erb within layouts/application (2.2ms)
Completed 200 OK in 16ms (Views: 14.6ms | ActiveRecord: 0.2ms)


Started DELETE "/users/4" for 127.0.0.1 at 2018-06-01 10:19:55 +0700
Processing by UsersController#destroy as HTML
  Parameters: {"authenticity_token"=>"720md4/8nBUdluwaCGGHGBbqPVwmlHf1Hw/5wEmovJ4W2x7dT+jx3BoCR8UXbE7von/7m0IiJUmKyAJnsVUrjQ==", "id"=>"4"}
  [1m[36mUser Load (0.2ms)[0m  [1m[34mSELECT  "users".* FROM "users" WHERE "users"."id" = ? LIMIT ?[0m  [["id", 4], ["LIMIT", 1]]
  ↳ app/controllers/users_controller.rb:67
  [1m[35m (0.0ms)[0m  [1m[36mbegin transaction[0m
  ↳ app/controllers/users_controller.rb:57
  [1m[36mUser Destroy (0.5ms)[0m  [1m[31mDELETE FROM "users" WHERE "users"."id" = ?[0m  [["id", 4]]
  ↳ app/controllers/users_controller.rb:57
  [1m[35m (56.9ms)[0m  [1m[36mcommit transaction[0m
  ↳ app/controllers/users_controller.rb:57
Redirected to http://localhost:3000/users
Completed 302 Found in 61ms (ActiveRecord: 57.5ms)


Started GET "/users" for 127.0.0.1 at 2018-06-01 10:19:55 +0700
Processing by UsersController#index as HTML
  Rendering users/index.html.erb within layouts/application
  [1m[36mUser Load (0.1ms)[0m  [1m[34mSELECT "users".* FROM "users"[0m
  ↳ app/views/users/index.html.erb:15
  Rendered users/index.html.erb within layouts/application (1.4ms)
Completed 200 OK in 15ms (Views: 14.3ms | ActiveRecord: 0.1ms)


Started GET "/users" for 127.0.0.1 at 2018-06-01 10:23:28 +0700
Processing by UsersController#index as HTML
  Rendering users/index.html.erb within layouts/application
  [1m[36mUser Load (0.1ms)[0m  [1m[34mSELECT "users".* FROM "users"[0m
  ↳ app/views/users/index.html.erb:15
  Rendered users/index.html.erb within layouts/application (5.5ms)
Completed 200 OK in 18ms (Views: 15.9ms | ActiveRecord: 0.6ms)


Started DELETE "/users/3" for 127.0.0.1 at 2018-06-01 10:23:32 +0700
Processing by UsersController#destroy as HTML
  Parameters: {"authenticity_token"=>"UwbgUGTezxYxvlhxM2QoTj9C0uN3i/T5gSn5YMqKecaqsNj6pMqi3zYq864saeG5i9cUJBM9pkUU7gLHMnfu1Q==", "id"=>"3"}
  [1m[36mUser Load (0.1ms)[0m  [1m[34mSELECT  "users".* FROM "users" WHERE "users"."id" = ? LIMIT ?[0m  [["id", 3], ["LIMIT", 1]]
  ↳ app/controllers/users_controller.rb:68
Filter chain halted as #<Proc:0x00007f4d0de27528@/home/heomapmap/.rvm/gems/ruby-2.5.1/gems/actionpack-5.2.0/lib/action_controller/metal/http_authentication.rb:72> rendered or redirected
Completed 401 Unauthorized in 1ms (ActiveRecord: 0.1ms)


Started DELETE "/users/3" for 127.0.0.1 at 2018-06-01 10:23:37 +0700
Processing by UsersController#destroy as HTML
  Parameters: {"authenticity_token"=>"UwbgUGTezxYxvlhxM2QoTj9C0uN3i/T5gSn5YMqKecaqsNj6pMqi3zYq864saeG5i9cUJBM9pkUU7gLHMnfu1Q==", "id"=>"3"}
  [1m[36mUser Load (0.1ms)[0m  [1m[34mSELECT  "users".* FROM "users" WHERE "users"."id" = ? LIMIT ?[0m  [["id", 3], ["LIMIT", 1]]
  ↳ app/controllers/users_controller.rb:68
Filter chain halted as #<Proc:0x00007f4d0de27528@/home/heomapmap/.rvm/gems/ruby-2.5.1/gems/actionpack-5.2.0/lib/action_controller/metal/http_authentication.rb:72> rendered or redirected
Completed 401 Unauthorized in 2ms (ActiveRecord: 0.1ms)


Started GET "/users" for 127.0.0.1 at 2018-06-01 10:47:07 +0700
Processing by UsersController#index as HTML
  Rendering users/index.html.erb within layouts/application
  [1m[36mUser Load (0.1ms)[0m  [1m[34mSELECT "users".* FROM "users"[0m
  ↳ app/views/users/index.html.erb:15
  Rendered users/index.html.erb within layouts/application (5.2ms)
Completed 200 OK in 20ms (Views: 17.3ms | ActiveRecord: 0.6ms)


Started GET "/users" for 127.0.0.1 at 2018-06-01 10:47:09 +0700
Processing by UsersController#index as HTML
  Rendering users/index.html.erb within layouts/application
  [1m[36mUser Load (0.2ms)[0m  [1m[34mSELECT "users".* FROM "users"[0m
  ↳ app/views/users/index.html.erb:15
  Rendered users/index.html.erb within layouts/application (1.7ms)
Completed 200 OK in 15ms (Views: 13.4ms | ActiveRecord: 0.2ms)


Started GET "/users" for 127.0.0.1 at 2018-06-01 10:47:10 +0700
Processing by UsersController#index as HTML
  Rendering users/index.html.erb within layouts/application
  [1m[36mUser Load (0.1ms)[0m  [1m[34mSELECT "users".* FROM "users"[0m
  ↳ app/views/users/index.html.erb:15
  Rendered users/index.html.erb within layouts/application (1.5ms)
Completed 200 OK in 15ms (Views: 14.3ms | ActiveRecord: 0.1ms)


Started GET "/users" for 127.0.0.1 at 2018-06-01 10:47:10 +0700
Processing by UsersController#index as HTML
  Rendering users/index.html.erb within layouts/application
  [1m[36mUser Load (0.1ms)[0m  [1m[34mSELECT "users".* FROM "users"[0m
  ↳ app/views/users/index.html.erb:15
  Rendered users/index.html.erb within layouts/application (1.8ms)
Completed 200 OK in 17ms (Views: 15.9ms | ActiveRecord: 0.1ms)


Started GET "/users" for 127.0.0.1 at 2018-06-01 10:47:10 +0700
Processing by UsersController#index as HTML
  Rendering users/index.html.erb within layouts/application
  [1m[36mUser Load (0.2ms)[0m  [1m[34mSELECT "users".* FROM "users"[0m
  ↳ app/views/users/index.html.erb:15
  Rendered users/index.html.erb within layouts/application (7.0ms)
Completed 200 OK in 19ms (Views: 18.2ms | ActiveRecord: 0.2ms)


Started GET "/users" for 127.0.0.1 at 2018-06-01 10:47:10 +0700
Processing by UsersController#index as HTML
  Rendering users/index.html.erb within layouts/application
  [1m[36mUser Load (0.2ms)[0m  [1m[34mSELECT "users".* FROM "users"[0m
  ↳ app/views/users/index.html.erb:15
  Rendered users/index.html.erb within layouts/application (1.6ms)
Completed 200 OK in 19ms (Views: 17.8ms | ActiveRecord: 0.2ms)


Started GET "/users" for 127.0.0.1 at 2018-06-01 10:47:11 +0700
Processing by UsersController#index as HTML
  Rendering users/index.html.erb within layouts/application
  [1m[36mUser Load (0.1ms)[0m  [1m[34mSELECT "users".* FROM "users"[0m
  ↳ app/views/users/index.html.erb:15
  Rendered users/index.html.erb within layouts/application (1.5ms)
Completed 200 OK in 16ms (Views: 14.7ms | ActiveRecord: 0.1ms)


Started GET "/users" for 127.0.0.1 at 2018-06-01 10:48:01 +0700
Processing by UsersController#index as HTML
  Rendering users/index.html.erb within layouts/application
  [1m[36mUser Load (0.1ms)[0m  [1m[34mSELECT "users".* FROM "users"[0m
  ↳ app/views/users/index.html.erb:15
  Rendered users/index.html.erb within layouts/application (5.1ms)
Completed 200 OK in 19ms (Views: 17.0ms | ActiveRecord: 0.5ms)


Started GET "/users" for 127.0.0.1 at 2018-06-01 10:48:02 +0700
Processing by UsersController#index as HTML
  Rendering users/index.html.erb within layouts/application
  [1m[36mUser Load (0.1ms)[0m  [1m[34mSELECT "users".* FROM "users"[0m
  ↳ app/views/users/index.html.erb:15
  Rendered users/index.html.erb within layouts/application (1.6ms)
Completed 200 OK in 15ms (Views: 14.3ms | ActiveRecord: 0.1ms)


Started GET "/users" for 127.0.0.1 at 2018-06-01 10:48:03 +0700
Processing by UsersController#index as HTML
  Rendering users/index.html.erb within layouts/application
  [1m[36mUser Load (0.2ms)[0m  [1m[34mSELECT "users".* FROM "users"[0m
  ↳ app/views/users/index.html.erb:15
  Rendered users/index.html.erb within layouts/application (1.6ms)
Completed 200 OK in 15ms (Views: 13.9ms | ActiveRecord: 0.2ms)


Started GET "/users" for 127.0.0.1 at 2018-06-01 10:48:05 +0700
Processing by UsersController#index as HTML
  Rendering users/index.html.erb within layouts/application
  [1m[36mUser Load (0.1ms)[0m  [1m[34mSELECT "users".* FROM "users"[0m
  ↳ app/views/users/index.html.erb:15
  Rendered users/index.html.erb within layouts/application (1.6ms)
Completed 200 OK in 14ms (Views: 12.8ms | ActiveRecord: 0.1ms)


Started GET "/users" for 127.0.0.1 at 2018-06-01 10:48:05 +0700
Processing by UsersController#index as HTML
  Rendering users/index.html.erb within layouts/application
  [1m[36mUser Load (0.2ms)[0m  [1m[34mSELECT "users".* FROM "users"[0m
  ↳ app/views/users/index.html.erb:15
  Rendered users/index.html.erb within layouts/application (1.5ms)
Completed 200 OK in 17ms (Views: 16.0ms | ActiveRecord: 0.2ms)


Started GET "/users" for 127.0.0.1 at 2018-06-01 10:48:06 +0700
Processing by UsersController#index as HTML
  Rendering users/index.html.erb within layouts/application
  [1m[36mUser Load (0.2ms)[0m  [1m[34mSELECT "users".* FROM "users"[0m
  ↳ app/views/users/index.html.erb:15
  Rendered users/index.html.erb within layouts/application (1.7ms)
Completed 200 OK in 21ms (Views: 20.1ms | ActiveRecord: 0.2ms)


Started GET "/users" for 127.0.0.1 at 2018-06-01 10:48:08 +0700
Processing by UsersController#index as HTML
  Rendering users/index.html.erb within layouts/application
  [1m[36mUser Load (0.1ms)[0m  [1m[34mSELECT "users".* FROM "users"[0m
  ↳ app/views/users/index.html.erb:15
  Rendered users/index.html.erb within layouts/application (1.5ms)
Completed 200 OK in 13ms (Views: 11.9ms | ActiveRecord: 0.1ms)


Started GET "/users" for 127.0.0.1 at 2018-06-01 10:48:08 +0700
Processing by UsersController#index as HTML
  Rendering users/index.html.erb within layouts/application
  [1m[36mUser Load (0.2ms)[0m  [1m[34mSELECT "users".* FROM "users"[0m
  ↳ app/views/users/index.html.erb:15
  Rendered users/index.html.erb within layouts/application (1.7ms)
Completed 200 OK in 14ms (Views: 13.5ms | ActiveRecord: 0.2ms)


Started GET "/" for 127.0.0.1 at 2018-06-01 10:48:17 +0700
Processing by UsersController#hello as HTML
  Rendering html template
  Rendered html template (0.0ms)
Completed 200 OK in 18ms (Views: 18.1ms | ActiveRecord: 0.0ms)


Started GET "/" for 127.0.0.1 at 2018-06-01 10:48:31 +0700
Processing by UsersController#index as HTML
  Rendering users/index.html.erb within layouts/application
  [1m[36mUser Load (0.1ms)[0m  [1m[34mSELECT "users".* FROM "users"[0m
  ↳ app/views/users/index.html.erb:15
  Rendered users/index.html.erb within layouts/application (5.7ms)
Completed 200 OK in 20ms (Views: 17.6ms | ActiveRecord: 0.6ms)


  [1m[35m (0.1ms)[0m  [1m[34mSELECT "schema_migrations"."version" FROM "schema_migrations" ORDER BY "schema_migrations"."version" ASC[0m
  ↳ bin/rails:9
Migrating to CreateMicroposts (20180601040152)
  [1m[35m (0.0ms)[0m  [1m[36mbegin transaction[0m
  ↳ bin/rails:9
  [1m[35m (0.1ms)[0m  [1m[34mSELECT sqlite_version(*)[0m
  ↳ db/migrate/20180601040152_create_microposts.rb:3
  [1m[35m (0.3ms)[0m  [1m[35mCREATE TABLE "microposts" ("id" integer PRIMARY KEY AUTOINCREMENT NOT NULL, "content" text, "user_id" integer, "created_at" datetime NOT NULL, "updated_at" datetime NOT NULL)[0m
  ↳ db/migrate/20180601040152_create_microposts.rb:3
  [1m[36mActiveRecord::SchemaMigration Create (0.1ms)[0m  [1m[32mINSERT INTO "schema_migrations" ("version") VALUES (?)[0m  [["version", "20180601040152"]]
  ↳ bin/rails:9
  [1m[35m (91.5ms)[0m  [1m[36mcommit transaction[0m
  ↳ bin/rails:9
  [1m[36mActiveRecord::InternalMetadata Load (0.2ms)[0m  [1m[34mSELECT  "ar_internal_metadata".* FROM "ar_internal_metadata" WHERE "ar_internal_metadata"."key" = ? LIMIT ?[0m  [["key", "environment"], ["LIMIT", 1]]
  ↳ bin/rails:9
  [1m[35m (0.1ms)[0m  [1m[36mbegin transaction[0m
  ↳ bin/rails:9
  [1m[35m (0.0ms)[0m  [1m[36mcommit transaction[0m
  ↳ bin/rails:9
  [1m[35m (0.2ms)[0m  [1m[34mSELECT "schema_migrations"."version" FROM "schema_migrations" ORDER BY "schema_migrations"."version" ASC[0m
  ↳ bin/rails:9
Started GET "/users/3" for 127.0.0.1 at 2018-06-01 11:03:00 +0700
  [1m[35m (0.1ms)[0m  [1m[34mSELECT "schema_migrations"."version" FROM "schema_migrations" ORDER BY "schema_migrations"."version" ASC[0m
  ↳ /home/heomapmap/.rvm/gems/ruby-2.5.1/gems/activerecord-5.2.0/lib/active_record/log_subscriber.rb:98
Processing by UsersController#show as HTML
  Parameters: {"id"=>"3"}
  [1m[36mUser Load (0.1ms)[0m  [1m[34mSELECT  "users".* FROM "users" WHERE "users"."id" = ? LIMIT ?[0m  [["id", 3], ["LIMIT", 1]]
  ↳ app/controllers/users_controller.rb:72
  Rendering users/show.html.erb within layouts/application
  Rendered users/show.html.erb within layouts/application (0.5ms)
Completed 200 OK in 36ms (Views: 30.3ms | ActiveRecord: 0.5ms)


Started GET "/micropost" for 127.0.0.1 at 2018-06-01 11:14:55 +0700
  
ActionController::RoutingError (No route matches [GET] "/micropost"):
  
actionpack (5.2.0) lib/action_dispatch/middleware/debug_exceptions.rb:65:in `call'
web-console (3.6.2) lib/web_console/middleware.rb:135:in `call_app'
web-console (3.6.2) lib/web_console/middleware.rb:30:in `block in call'
web-console (3.6.2) lib/web_console/middleware.rb:20:in `catch'
web-console (3.6.2) lib/web_console/middleware.rb:20:in `call'
actionpack (5.2.0) lib/action_dispatch/middleware/show_exceptions.rb:33:in `call'
railties (5.2.0) lib/rails/rack/logger.rb:38:in `call_app'
railties (5.2.0) lib/rails/rack/logger.rb:26:in `block in call'
activesupport (5.2.0) lib/active_support/tagged_logging.rb:71:in `block in tagged'
activesupport (5.2.0) lib/active_support/tagged_logging.rb:28:in `tagged'
activesupport (5.2.0) lib/active_support/tagged_logging.rb:71:in `tagged'
railties (5.2.0) lib/rails/rack/logger.rb:26:in `call'
sprockets-rails (3.2.1) lib/sprockets/rails/quiet_assets.rb:13:in `call'
actionpack (5.2.0) lib/action_dispatch/middleware/remote_ip.rb:81:in `call'
actionpack (5.2.0) lib/action_dispatch/middleware/request_id.rb:27:in `call'
rack (2.0.5) lib/rack/method_override.rb:22:in `call'
rack (2.0.5) lib/rack/runtime.rb:22:in `call'
activesupport (5.2.0) lib/active_support/cache/strategy/local_cache_middleware.rb:29:in `call'
actionpack (5.2.0) lib/action_dispatch/middleware/executor.rb:14:in `call'
actionpack (5.2.0) lib/action_dispatch/middleware/static.rb:127:in `call'
rack (2.0.5) lib/rack/sendfile.rb:111:in `call'
railties (5.2.0) lib/rails/engine.rb:524:in `call'
puma (3.11.4) lib/puma/configuration.rb:225:in `call'
puma (3.11.4) lib/puma/server.rb:632:in `handle_request'
puma (3.11.4) lib/puma/server.rb:446:in `process_client'
puma (3.11.4) lib/puma/server.rb:306:in `block in run'
puma (3.11.4) lib/puma/thread_pool.rb:120:in `block in spawn_thread'
Started GET "/microposts" for 127.0.0.1 at 2018-06-01 11:15:00 +0700
Processing by MicropostsController#index as HTML
Completed 500 Internal Server Error in 2ms (ActiveRecord: 0.0ms)


  
ArgumentError (Range unspecified. Specify the :in, :within, :maximum, :minimum, or :is option.):
  
app/models/micropost.rb:2:in `<class:Micropost>'
app/models/micropost.rb:1:in `<main>'
app/controllers/microposts_controller.rb:7:in `index'
Started GET "/microposts" for 127.0.0.1 at 2018-06-01 11:15:14 +0700
Processing by MicropostsController#index as HTML
Completed 500 Internal Server Error in 2ms (ActiveRecord: 0.0ms)


  
ArgumentError (Range unspecified. Specify the :in, :within, :maximum, :minimum, or :is option.):
  
app/models/micropost.rb:2:in `<class:Micropost>'
app/models/micropost.rb:1:in `<main>'
app/controllers/microposts_controller.rb:7:in `index'
Started GET "/microposts" for 127.0.0.1 at 2018-06-01 11:16:06 +0700
Processing by MicropostsController#index as HTML
Completed 500 Internal Server Error in 8ms (ActiveRecord: 0.0ms)


  
ArgumentError (Unknown validator: 'PrecenseValidator'):
  
app/models/micropost.rb:2:in `<class:Micropost>'
app/models/micropost.rb:1:in `<main>'
app/controllers/microposts_controller.rb:7:in `index'
Started GET "/microposts" for 127.0.0.1 at 2018-06-01 11:16:47 +0700
Processing by MicropostsController#index as HTML
Completed 500 Internal Server Error in 2ms (ActiveRecord: 0.0ms)


  
SyntaxError (/home/heomapmap/Documents/Learning space/toy_app/app/models/micropost.rb:3: syntax error, unexpected keyword_end):
  
app/models/micropost.rb:3: syntax error, unexpected keyword_end
app/controllers/microposts_controller.rb:7:in `index'
Started GET "/microposts" for 127.0.0.1 at 2018-06-01 11:16:58 +0700
Processing by MicropostsController#index as HTML
  Rendering microposts/index.html.erb within layouts/application
  [1m[36mMicropost Load (0.1ms)[0m  [1m[34mSELECT "microposts".* FROM "microposts"[0m
  ↳ app/views/microposts/index.html.erb:15
  Rendered microposts/index.html.erb within layouts/application (1.6ms)
Completed 200 OK in 18ms (Views: 15.7ms | ActiveRecord: 0.3ms)


Started GET "/microposts/new" for 127.0.0.1 at 2018-06-01 11:17:01 +0700
Processing by MicropostsController#new as HTML
  Rendering microposts/new.html.erb within layouts/application
  Rendered microposts/_form.html.erb (19.4ms)
  Rendered microposts/new.html.erb within layouts/application (20.5ms)
Completed 200 OK in 38ms (Views: 32.6ms | ActiveRecord: 0.4ms)


Started POST "/microposts" for 127.0.0.1 at 2018-06-01 11:17:13 +0700
Processing by MicropostsController#create as HTML
  Parameters: {"utf8"=>"✓", "authenticity_token"=>"dKzIyxQbWUeD7xhQK7z2qjYgwbmEmrzj/2lfbk4ZhEd/l7qQT4/xYJVy1As2MgnXN0+T9P/kvQrB5oAEqp1ayA==", "micropost"=>{"content"=>"", "user_id"=>"1"}, "commit"=>"Create Micropost"}
  [1m[35m (0.1ms)[0m  [1m[36mbegin transaction[0m
  ↳ app/controllers/microposts_controller.rb:30
  [1m[35m (0.0ms)[0m  [1m[31mrollback transaction[0m
  ↳ app/controllers/microposts_controller.rb:30
  Rendering microposts/new.html.erb within layouts/application
  Rendered microposts/_form.html.erb (2.0ms)
  Rendered microposts/new.html.erb within layouts/application (3.1ms)
Completed 200 OK in 22ms (Views: 20.1ms | ActiveRecord: 0.1ms)


Started POST "/microposts" for 127.0.0.1 at 2018-06-01 11:17:20 +0700
Processing by MicropostsController#create as HTML
  Parameters: {"utf8"=>"✓", "authenticity_token"=>"2kuKrZubBatztKt32CUNZgk81+909RqA9FWpwnDdldYj/bIHW49oYnQgAKjHKMSRvakRKBBDSDxhklJliCACxQ==", "micropost"=>{"content"=>"selena ahihi\r\n", "user_id"=>"1"}, "commit"=>"Create Micropost"}
  [1m[35m (0.1ms)[0m  [1m[36mbegin transaction[0m
  ↳ app/controllers/microposts_controller.rb:30
  [1m[36mMicropost Create (0.6ms)[0m  [1m[32mINSERT INTO "microposts" ("content", "user_id", "created_at", "updated_at") VALUES (?, ?, ?, ?)[0m  [["content", "selena ahihi\r\n"], ["user_id", 1], ["created_at", "2018-06-01 04:17:20.822600"], ["updated_at", "2018-06-01 04:17:20.822600"]]
  ↳ app/controllers/microposts_controller.rb:30
  [1m[35m (65.4ms)[0m  [1m[36mcommit transaction[0m
  ↳ app/controllers/microposts_controller.rb:30
Redirected to http://localhost:3000/microposts/1
Completed 302 Found in 70ms (ActiveRecord: 66.0ms)


Started GET "/microposts/1" for 127.0.0.1 at 2018-06-01 11:17:20 +0700
Processing by MicropostsController#show as HTML
  Parameters: {"id"=>"1"}
  [1m[36mMicropost Load (0.2ms)[0m  [1m[34mSELECT  "microposts".* FROM "microposts" WHERE "microposts"."id" = ? LIMIT ?[0m  [["id", 1], ["LIMIT", 1]]
  ↳ app/controllers/microposts_controller.rb:67
  Rendering microposts/show.html.erb within layouts/application
  Rendered microposts/show.html.erb within layouts/application (0.5ms)
Completed 200 OK in 14ms (Views: 12.2ms | ActiveRecord: 0.2ms)


Started GET "/microposts" for 127.0.0.1 at 2018-06-01 11:17:24 +0700
Processing by MicropostsController#index as HTML
  Rendering microposts/index.html.erb within layouts/application
  [1m[36mMicropost Load (0.2ms)[0m  [1m[34mSELECT "microposts".* FROM "microposts"[0m
  ↳ app/views/microposts/index.html.erb:15
  Rendered microposts/index.html.erb within layouts/application (1.6ms)
Completed 200 OK in 19ms (Views: 17.5ms | ActiveRecord: 0.2ms)


Started GET "/microposts/1/edit" for 127.0.0.1 at 2018-06-01 11:17:26 +0700
Processing by MicropostsController#edit as HTML
  Parameters: {"id"=>"1"}
  [1m[36mMicropost Load (0.2ms)[0m  [1m[34mSELECT  "microposts".* FROM "microposts" WHERE "microposts"."id" = ? LIMIT ?[0m  [["id", 1], ["LIMIT", 1]]
  ↳ app/controllers/microposts_controller.rb:67
  Rendering microposts/edit.html.erb within layouts/application
  Rendered microposts/_form.html.erb (2.1ms)
  Rendered microposts/edit.html.erb within layouts/application (3.6ms)
Completed 200 OK in 20ms (Views: 18.3ms | ActiveRecord: 0.2ms)


  [1m[36mUser Load (0.1ms)[0m  [1m[34mSELECT  "users".* FROM "users" ORDER BY "users"."id" ASC LIMIT ?[0m  [["LIMIT", 1]]
  [1m[36mMicropost Load (0.1ms)[0m  [1m[34mSELECT  "microposts".* FROM "microposts" WHERE "microposts"."user_id" = ? LIMIT ?[0m  [["user_id", 1], ["LIMIT", 11]]
  [1m[36mMicropost Load (0.5ms)[0m  [1m[34mSELECT  "microposts".* FROM "microposts" WHERE "microposts"."user_id" = ? ORDER BY "microposts"."id" ASC LIMIT ?[0m  [["user_id", 1], ["LIMIT", 1]]
Started GET "/" for 127.0.0.1 at 2018-06-01 11:28:23 +0700
Processing by UsersController#index as HTML
Completed 500 Internal Server Error in 7ms (ActiveRecord: 0.0ms)


  
NameError (uninitialized constant User::FILL_IN):
  
app/models/user.rb:7:in `<class:User>'
app/models/user.rb:1:in `<main>'
app/controllers/users_controller.rb:8:in `index'
Started GET "/" for 127.0.0.1 at 2018-06-01 11:28:25 +0700
Processing by UsersController#index as HTML
Completed 500 Internal Server Error in 3ms (ActiveRecord: 0.0ms)


  
NameError (uninitialized constant User::FILL_IN):
  
app/models/user.rb:7:in `<class:User>'
app/models/user.rb:1:in `<main>'
app/controllers/users_controller.rb:8:in `index'
Started GET "/" for 127.0.0.1 at 2018-06-01 11:28:57 +0700
Processing by UsersController#index as HTML
  Rendering users/index.html.erb within layouts/application
  [1m[36mUser Load (0.1ms)[0m  [1m[34mSELECT "users".* FROM "users"[0m
  ↳ app/views/users/index.html.erb:15
  Rendered users/index.html.erb within layouts/application (5.5ms)
Completed 200 OK in 19ms (Views: 16.3ms | ActiveRecord: 0.6ms)


  [1m[36mUser Load (0.1ms)[0m  [1m[34mSELECT  "users".* FROM "users" ORDER BY "users"."id" DESC LIMIT ?[0m  [["LIMIT", 1]]
  [1m[36mUser Load (0.1ms)[0m  [1m[34mSELECT  "users".* FROM "users" ORDER BY "users"."id" DESC LIMIT ?[0m  [["LIMIT", 1]]
  [1m[36mUser Load (0.1ms)[0m  [1m[34mSELECT  "users".* FROM "users" ORDER BY "users"."id" DESC LIMIT ?[0m  [["LIMIT", 1]]
  [1m[36mMicropost Load (0.2ms)[0m  [1m[34mSELECT  "microposts".* FROM "microposts" WHERE "microposts"."user_id" = ? LIMIT ?[0m  [["user_id", 3], ["LIMIT", 11]]
Started GET "/" for 127.0.0.1 at 2018-06-01 23:31:18 +0700
  [1m[35m (0.1ms)[0m  [1m[34mSELECT "schema_migrations"."version" FROM "schema_migrations" ORDER BY "schema_migrations"."version" ASC[0m
  ↳ /home/heomapmap/.rvm/gems/ruby-2.5.1/gems/activerecord-5.2.0/lib/active_record/log_subscriber.rb:98
Processing by UsersController#index as HTML
  Rendering users/index.html.erb within layouts/application
  [1m[36mUser Load (0.3ms)[0m  [1m[34mSELECT "users".* FROM "users"[0m
  ↳ app/views/users/index.html.erb:15
  Rendered users/index.html.erb within layouts/application (11.5ms)
Completed 200 OK in 286ms (Views: 277.0ms | ActiveRecord: 1.4ms)


Started GET "/users/1" for 127.0.0.1 at 2018-06-01 23:31:32 +0700
Processing by UsersController#show as HTML
  Parameters: {"id"=>"1"}
  [1m[36mUser Load (0.3ms)[0m  [1m[34mSELECT  "users".* FROM "users" WHERE "users"."id" = ? LIMIT ?[0m  [["id", 1], ["LIMIT", 1]]
  ↳ app/controllers/users_controller.rb:72
  Rendering users/show.html.erb within layouts/application
  Rendered users/show.html.erb within layouts/application (1.4ms)
Completed 500 Internal Server Error in 8ms (ActiveRecord: 0.3ms)


  
SyntaxError (/home/heomapmap/Documents/Learning space/toy_app/app/views/users/show.html.erb:15: syntax error, unexpected tSTRING_BEG, expecting keyword_do or '{' or '('
...w All Microposts', controller 'microposts');
...                              ^):
  
app/views/users/show.html.erb:15: syntax error, unexpected tSTRING_BEG, expecting keyword_do or '{' or '('
Started GET "/users/1" for 127.0.0.1 at 2018-06-01 23:32:24 +0700
Processing by UsersController#show as HTML
  Parameters: {"id"=>"1"}
  [1m[36mUser Load (0.1ms)[0m  [1m[34mSELECT  "users".* FROM "users" WHERE "users"."id" = ? LIMIT ?[0m  [["id", 1], ["LIMIT", 1]]
  ↳ app/controllers/users_controller.rb:72
  Rendering users/show.html.erb within layouts/application
  Rendered users/show.html.erb within layouts/application (1.0ms)
Completed 200 OK in 19ms (Views: 17.4ms | ActiveRecord: 0.1ms)


Started GET "/zxc" for 127.0.0.1 at 2018-06-01 23:32:39 +0700
  
ActionController::RoutingError (No route matches [GET] "/zxc"):
  
actionpack (5.2.0) lib/action_dispatch/middleware/debug_exceptions.rb:65:in `call'
web-console (3.6.2) lib/web_console/middleware.rb:135:in `call_app'
web-console (3.6.2) lib/web_console/middleware.rb:30:in `block in call'
web-console (3.6.2) lib/web_console/middleware.rb:20:in `catch'
web-console (3.6.2) lib/web_console/middleware.rb:20:in `call'
actionpack (5.2.0) lib/action_dispatch/middleware/show_exceptions.rb:33:in `call'
railties (5.2.0) lib/rails/rack/logger.rb:38:in `call_app'
railties (5.2.0) lib/rails/rack/logger.rb:26:in `block in call'
activesupport (5.2.0) lib/active_support/tagged_logging.rb:71:in `block in tagged'
activesupport (5.2.0) lib/active_support/tagged_logging.rb:28:in `tagged'
activesupport (5.2.0) lib/active_support/tagged_logging.rb:71:in `tagged'
railties (5.2.0) lib/rails/rack/logger.rb:26:in `call'
sprockets-rails (3.2.1) lib/sprockets/rails/quiet_assets.rb:13:in `call'
actionpack (5.2.0) lib/action_dispatch/middleware/remote_ip.rb:81:in `call'
actionpack (5.2.0) lib/action_dispatch/middleware/request_id.rb:27:in `call'
rack (2.0.5) lib/rack/method_override.rb:22:in `call'
rack (2.0.5) lib/rack/runtime.rb:22:in `call'
activesupport (5.2.0) lib/active_support/cache/strategy/local_cache_middleware.rb:29:in `call'
actionpack (5.2.0) lib/action_dispatch/middleware/executor.rb:14:in `call'
actionpack (5.2.0) lib/action_dispatch/middleware/static.rb:127:in `call'
rack (2.0.5) lib/rack/sendfile.rb:111:in `call'
railties (5.2.0) lib/rails/engine.rb:524:in `call'
puma (3.11.4) lib/puma/configuration.rb:225:in `call'
puma (3.11.4) lib/puma/server.rb:632:in `handle_request'
puma (3.11.4) lib/puma/server.rb:446:in `process_client'
puma (3.11.4) lib/puma/server.rb:306:in `block in run'
puma (3.11.4) lib/puma/thread_pool.rb:120:in `block in spawn_thread'
Started GET "/rails/info/routes?path=m" for 127.0.0.1 at 2018-06-01 23:32:43 +0700
Processing by Rails::InfoController#routes as */*
  Parameters: {"path"=>"m"}
Completed 200 OK in 2ms (Views: 0.3ms | ActiveRecord: 0.0ms)


Started GET "/rails/info/routes?path=mi" for 127.0.0.1 at 2018-06-01 23:32:43 +0700
Processing by Rails::InfoController#routes as */*
  Parameters: {"path"=>"mi"}
Completed 200 OK in 1ms (Views: 0.2ms | ActiveRecord: 0.0ms)


Started GET "/rails/info/routes?path=micro" for 127.0.0.1 at 2018-06-01 23:32:45 +0700
Processing by Rails::InfoController#routes as */*
  Parameters: {"path"=>"micro"}
Completed 200 OK in 1ms (Views: 0.2ms | ActiveRecord: 0.0ms)


Started GET "/rails/info/routes?path=micro" for 127.0.0.1 at 2018-06-01 23:32:45 +0700
Processing by Rails::InfoController#routes as */*
  Parameters: {"path"=>"micro"}
Completed 200 OK in 2ms (Views: 0.3ms | ActiveRecord: 0.0ms)


Started GET "/rails/info/routes?path=micropo" for 127.0.0.1 at 2018-06-01 23:32:48 +0700
Processing by Rails::InfoController#routes as */*
  Parameters: {"path"=>"micropo"}
Completed 200 OK in 2ms (Views: 0.4ms | ActiveRecord: 0.0ms)


Started GET "/rails/info/routes?path=microposts" for 127.0.0.1 at 2018-06-01 23:32:49 +0700
Processing by Rails::InfoController#routes as */*
  Parameters: {"path"=>"microposts"}
Completed 200 OK in 2ms (Views: 0.3ms | ActiveRecord: 0.0ms)


Started GET "/rails/info/routes?path=microposts" for 127.0.0.1 at 2018-06-01 23:32:49 +0700
Processing by Rails::InfoController#routes as */*
  Parameters: {"path"=>"microposts"}
Completed 200 OK in 2ms (Views: 0.3ms | ActiveRecord: 0.0ms)


Started GET "/users/1" for 127.0.0.1 at 2018-06-01 23:33:35 +0700
Processing by UsersController#show as HTML
  Parameters: {"id"=>"1"}
  [1m[36mUser Load (0.2ms)[0m  [1m[34mSELECT  "users".* FROM "users" WHERE "users"."id" = ? LIMIT ?[0m  [["id", 1], ["LIMIT", 1]]
  ↳ app/controllers/users_controller.rb:72
  Rendering users/show.html.erb within layouts/application
  Rendered users/show.html.erb within layouts/application (0.6ms)
Completed 200 OK in 19ms (Views: 16.2ms | ActiveRecord: 0.2ms)


Started GET "/users/1/microposts" for 127.0.0.1 at 2018-06-01 23:33:38 +0700
  
AbstractController::ActionNotFound (The action 'microposts' could not be found for UsersController):
  
actionpack (5.2.0) lib/abstract_controller/base.rb:129:in `process'
actionview (5.2.0) lib/action_view/rendering.rb:32:in `process'
actionpack (5.2.0) lib/action_controller/metal.rb:191:in `dispatch'
actionpack (5.2.0) lib/action_controller/metal.rb:252:in `dispatch'
actionpack (5.2.0) lib/action_dispatch/routing/route_set.rb:52:in `dispatch'
actionpack (5.2.0) lib/action_dispatch/routing/route_set.rb:34:in `serve'
actionpack (5.2.0) lib/action_dispatch/journey/router.rb:52:in `block in serve'
actionpack (5.2.0) lib/action_dispatch/journey/router.rb:35:in `each'
actionpack (5.2.0) lib/action_dispatch/journey/router.rb:35:in `serve'
actionpack (5.2.0) lib/action_dispatch/routing/route_set.rb:840:in `call'
rack (2.0.5) lib/rack/tempfile_reaper.rb:15:in `call'
rack (2.0.5) lib/rack/etag.rb:25:in `call'
rack (2.0.5) lib/rack/conditional_get.rb:25:in `call'
rack (2.0.5) lib/rack/head.rb:12:in `call'
actionpack (5.2.0) lib/action_dispatch/http/content_security_policy.rb:18:in `call'
rack (2.0.5) lib/rack/session/abstract/id.rb:232:in `context'
rack (2.0.5) lib/rack/session/abstract/id.rb:226:in `call'
actionpack (5.2.0) lib/action_dispatch/middleware/cookies.rb:670:in `call'
activerecord (5.2.0) lib/active_record/migration.rb:559:in `call'
actionpack (5.2.0) lib/action_dispatch/middleware/callbacks.rb:28:in `block in call'
activesupport (5.2.0) lib/active_support/callbacks.rb:98:in `run_callbacks'
actionpack (5.2.0) lib/action_dispatch/middleware/callbacks.rb:26:in `call'
actionpack (5.2.0) lib/action_dispatch/middleware/executor.rb:14:in `call'
actionpack (5.2.0) lib/action_dispatch/middleware/debug_exceptions.rb:61:in `call'
web-console (3.6.2) lib/web_console/middleware.rb:135:in `call_app'
web-console (3.6.2) lib/web_console/middleware.rb:30:in `block in call'
web-console (3.6.2) lib/web_console/middleware.rb:20:in `catch'
web-console (3.6.2) lib/web_console/middleware.rb:20:in `call'
actionpack (5.2.0) lib/action_dispatch/middleware/show_exceptions.rb:33:in `call'
railties (5.2.0) lib/rails/rack/logger.rb:38:in `call_app'
railties (5.2.0) lib/rails/rack/logger.rb:26:in `block in call'
activesupport (5.2.0) lib/active_support/tagged_logging.rb:71:in `block in tagged'
activesupport (5.2.0) lib/active_support/tagged_logging.rb:28:in `tagged'
activesupport (5.2.0) lib/active_support/tagged_logging.rb:71:in `tagged'
railties (5.2.0) lib/rails/rack/logger.rb:26:in `call'
sprockets-rails (3.2.1) lib/sprockets/rails/quiet_assets.rb:13:in `call'
actionpack (5.2.0) lib/action_dispatch/middleware/remote_ip.rb:81:in `call'
actionpack (5.2.0) lib/action_dispatch/middleware/request_id.rb:27:in `call'
rack (2.0.5) lib/rack/method_override.rb:22:in `call'
rack (2.0.5) lib/rack/runtime.rb:22:in `call'
activesupport (5.2.0) lib/active_support/cache/strategy/local_cache_middleware.rb:29:in `call'
actionpack (5.2.0) lib/action_dispatch/middleware/executor.rb:14:in `call'
actionpack (5.2.0) lib/action_dispatch/middleware/static.rb:127:in `call'
rack (2.0.5) lib/rack/sendfile.rb:111:in `call'
railties (5.2.0) lib/rails/engine.rb:524:in `call'
puma (3.11.4) lib/puma/configuration.rb:225:in `call'
puma (3.11.4) lib/puma/server.rb:632:in `handle_request'
puma (3.11.4) lib/puma/server.rb:446:in `process_client'
puma (3.11.4) lib/puma/server.rb:306:in `block in run'
puma (3.11.4) lib/puma/thread_pool.rb:120:in `block in spawn_thread'
Started GET "/users/1/microposts" for 127.0.0.1 at 2018-06-01 23:35:04 +0700
Processing by UsersController#microposts as HTML
  Parameters: {"id"=>"1"}
Completed 500 Internal Server Error in 1ms (ActiveRecord: 0.0ms)


  
NoMethodError (undefined method `microposts' for nil:NilClass):
  
app/controllers/users_controller.rb:26:in `microposts'
Started GET "/users/1/microposts" for 127.0.0.1 at 2018-06-01 23:36:33 +0700
Processing by UsersController#microposts as HTML
  Parameters: {"id"=>"1"}
  [1m[36mUser Load (0.1ms)[0m  [1m[34mSELECT  "users".* FROM "users" WHERE "users"."id" = ? LIMIT ?[0m  [["id", 1], ["LIMIT", 1]]
  ↳ app/controllers/users_controller.rb:76
Completed 406 Not Acceptable in 27ms (ActiveRecord: 0.6ms)


  
ActionController::UnknownFormat (UsersController#microposts is missing a template for this request format and variant.

request.formats: ["text/html"]
request.variant: []

NOTE! For XHR/Ajax or API requests, this action would normally respond with 204 No Content: an empty white screen. Since you're loading it in a web browser, we assume that you expected to actually render a template, not nothing, so we're showing an error to be extra-clear. If you expect 204 No Content, carry on. That's what you'll get from an XHR or API request. Give it a shot.):
  
actionpack (5.2.0) lib/action_controller/metal/implicit_render.rb:55:in `default_render'
actionpack (5.2.0) lib/action_controller/metal/basic_implicit_render.rb:6:in `block in send_action'
actionpack (5.2.0) lib/action_controller/metal/basic_implicit_render.rb:6:in `tap'
actionpack (5.2.0) lib/action_controller/metal/basic_implicit_render.rb:6:in `send_action'
actionpack (5.2.0) lib/abstract_controller/base.rb:194:in `process_action'
actionpack (5.2.0) lib/action_controller/metal/rendering.rb:30:in `process_action'
actionpack (5.2.0) lib/abstract_controller/callbacks.rb:42:in `block in process_action'
activesupport (5.2.0) lib/active_support/callbacks.rb:132:in `run_callbacks'
actionpack (5.2.0) lib/abstract_controller/callbacks.rb:41:in `process_action'
actionpack (5.2.0) lib/action_controller/metal/rescue.rb:22:in `process_action'
actionpack (5.2.0) lib/action_controller/metal/instrumentation.rb:34:in `block in process_action'
activesupport (5.2.0) lib/active_support/notifications.rb:168:in `block in instrument'
activesupport (5.2.0) lib/active_support/notifications/instrumenter.rb:23:in `instrument'
activesupport (5.2.0) lib/active_support/notifications.rb:168:in `instrument'
actionpack (5.2.0) lib/action_controller/metal/instrumentation.rb:32:in `process_action'
actionpack (5.2.0) lib/action_controller/metal/params_wrapper.rb:256:in `process_action'
activerecord (5.2.0) lib/active_record/railties/controller_runtime.rb:24:in `process_action'
actionpack (5.2.0) lib/abstract_controller/base.rb:134:in `process'
actionview (5.2.0) lib/action_view/rendering.rb:32:in `process'
actionpack (5.2.0) lib/action_controller/metal.rb:191:in `dispatch'
actionpack (5.2.0) lib/action_controller/metal.rb:252:in `dispatch'
actionpack (5.2.0) lib/action_dispatch/routing/route_set.rb:52:in `dispatch'
actionpack (5.2.0) lib/action_dispatch/routing/route_set.rb:34:in `serve'
actionpack (5.2.0) lib/action_dispatch/journey/router.rb:52:in `block in serve'
actionpack (5.2.0) lib/action_dispatch/journey/router.rb:35:in `each'
actionpack (5.2.0) lib/action_dispatch/journey/router.rb:35:in `serve'
actionpack (5.2.0) lib/action_dispatch/routing/route_set.rb:840:in `call'
rack (2.0.5) lib/rack/tempfile_reaper.rb:15:in `call'
rack (2.0.5) lib/rack/etag.rb:25:in `call'
rack (2.0.5) lib/rack/conditional_get.rb:25:in `call'
rack (2.0.5) lib/rack/head.rb:12:in `call'
actionpack (5.2.0) lib/action_dispatch/http/content_security_policy.rb:18:in `call'
rack (2.0.5) lib/rack/session/abstract/id.rb:232:in `context'
rack (2.0.5) lib/rack/session/abstract/id.rb:226:in `call'
actionpack (5.2.0) lib/action_dispatch/middleware/cookies.rb:670:in `call'
activerecord (5.2.0) lib/active_record/migration.rb:559:in `call'
actionpack (5.2.0) lib/action_dispatch/middleware/callbacks.rb:28:in `block in call'
activesupport (5.2.0) lib/active_support/callbacks.rb:98:in `run_callbacks'
actionpack (5.2.0) lib/action_dispatch/middleware/callbacks.rb:26:in `call'
actionpack (5.2.0) lib/action_dispatch/middleware/executor.rb:14:in `call'
actionpack (5.2.0) lib/action_dispatch/middleware/debug_exceptions.rb:61:in `call'
web-console (3.6.2) lib/web_console/middleware.rb:135:in `call_app'
web-console (3.6.2) lib/web_console/middleware.rb:30:in `block in call'
web-console (3.6.2) lib/web_console/middleware.rb:20:in `catch'
web-console (3.6.2) lib/web_console/middleware.rb:20:in `call'
actionpack (5.2.0) lib/action_dispatch/middleware/show_exceptions.rb:33:in `call'
railties (5.2.0) lib/rails/rack/logger.rb:38:in `call_app'
railties (5.2.0) lib/rails/rack/logger.rb:26:in `block in call'
activesupport (5.2.0) lib/active_support/tagged_logging.rb:71:in `block in tagged'
activesupport (5.2.0) lib/active_support/tagged_logging.rb:28:in `tagged'
activesupport (5.2.0) lib/active_support/tagged_logging.rb:71:in `tagged'
railties (5.2.0) lib/rails/rack/logger.rb:26:in `call'
sprockets-rails (3.2.1) lib/sprockets/rails/quiet_assets.rb:13:in `call'
actionpack (5.2.0) lib/action_dispatch/middleware/remote_ip.rb:81:in `call'
actionpack (5.2.0) lib/action_dispatch/middleware/request_id.rb:27:in `call'
rack (2.0.5) lib/rack/method_override.rb:22:in `call'
rack (2.0.5) lib/rack/runtime.rb:22:in `call'
activesupport (5.2.0) lib/active_support/cache/strategy/local_cache_middleware.rb:29:in `call'
actionpack (5.2.0) lib/action_dispatch/middleware/executor.rb:14:in `call'
actionpack (5.2.0) lib/action_dispatch/middleware/static.rb:127:in `call'
rack (2.0.5) lib/rack/sendfile.rb:111:in `call'
railties (5.2.0) lib/rails/engine.rb:524:in `call'
puma (3.11.4) lib/puma/configuration.rb:225:in `call'
puma (3.11.4) lib/puma/server.rb:632:in `handle_request'
puma (3.11.4) lib/puma/server.rb:446:in `process_client'
puma (3.11.4) lib/puma/server.rb:306:in `block in run'
puma (3.11.4) lib/puma/thread_pool.rb:120:in `block in spawn_thread'
Started GET "/users/1/microposts" for 127.0.0.1 at 2018-06-01 23:37:18 +0700
Processing by UsersController#microposts as HTML
  Parameters: {"id"=>"1"}
  [1m[36mUser Load (0.2ms)[0m  [1m[34mSELECT  "users".* FROM "users" WHERE "users"."id" = ? LIMIT ?[0m  [["id", 1], ["LIMIT", 1]]
  ↳ app/controllers/users_controller.rb:76
  Rendering users/microposts.html.erb within layouts/application
  [1m[36mMicropost Load (0.1ms)[0m  [1m[34mSELECT "microposts".* FROM "microposts" WHERE "microposts"."user_id" = ?[0m  [["user_id", 1]]
  ↳ app/views/users/microposts.html.erb:15
  Rendered users/microposts.html.erb within layouts/application (68.2ms)
Completed 200 OK in 87ms (Views: 83.9ms | ActiveRecord: 0.8ms)


Started GET "/microposts" for 127.0.0.1 at 2018-06-01 23:38:50 +0700
Processing by MicropostsController#index as HTML
  Rendering microposts/index.html.erb within layouts/application
  [1m[36mMicropost Load (0.2ms)[0m  [1m[34mSELECT "microposts".* FROM "microposts"[0m
  ↳ app/views/microposts/index.html.erb:15
  Rendered microposts/index.html.erb within layouts/application (1.8ms)
Completed 200 OK in 20ms (Views: 18.6ms | ActiveRecord: 0.2ms)


Started GET "/microposts/new" for 127.0.0.1 at 2018-06-01 23:38:54 +0700
Processing by MicropostsController#new as HTML
  Rendering microposts/new.html.erb within layouts/application
  Rendered microposts/_form.html.erb (137.1ms)
  Rendered microposts/new.html.erb within layouts/application (174.6ms)
Completed 200 OK in 197ms (Views: 195.2ms | ActiveRecord: 0.0ms)


Started POST "/microposts" for 127.0.0.1 at 2018-06-01 23:39:03 +0700
Processing by MicropostsController#create as HTML
  Parameters: {"utf8"=>"✓", "authenticity_token"=>"lYJ8yNQANvXuagNzWDAvUk8Tqh4aAx6WUopcVAbJuJ/IW3D8ExyjQdvm7WsGc+0fPfAUu7Yb7HWqnmhNp5hF8w==", "micropost"=>{"content"=>"qwezxczxczxczxc", "user_id"=>"2"}, "commit"=>"Create Micropost"}
  [1m[35m (0.1ms)[0m  [1m[36mbegin transaction[0m
  ↳ app/controllers/microposts_controller.rb:30
  [1m[36mUser Load (0.2ms)[0m  [1m[34mSELECT  "users".* FROM "users" WHERE "users"."id" = ? LIMIT ?[0m  [["id", 2], ["LIMIT", 1]]
  ↳ app/controllers/microposts_controller.rb:30
  [1m[35m (0.1ms)[0m  [1m[31mrollback transaction[0m
  ↳ app/controllers/microposts_controller.rb:30
  Rendering microposts/new.html.erb within layouts/application
  Rendered microposts/_form.html.erb (2.3ms)
  Rendered microposts/new.html.erb within layouts/application (4.5ms)
Completed 200 OK in 29ms (Views: 23.8ms | ActiveRecord: 0.4ms)


Started POST "/microposts" for 127.0.0.1 at 2018-06-01 23:39:09 +0700
Processing by MicropostsController#create as HTML
  Parameters: {"utf8"=>"✓", "authenticity_token"=>"x31HERnV5Lemn9nL9Rd5VfTAOu9X8h3eWx3hUd68Aio/w4Bc+Pf10+d2+BlwHSRw7pdyyeI8TPNhPcjQIJifXQ==", "micropost"=>{"content"=>"qwezxczxczxczxc", "user_id"=>"1"}, "commit"=>"Create Micropost"}
  [1m[35m (0.1ms)[0m  [1m[36mbegin transaction[0m
  ↳ app/controllers/microposts_controller.rb:30
  [1m[36mUser Load (0.1ms)[0m  [1m[34mSELECT  "users".* FROM "users" WHERE "users"."id" = ? LIMIT ?[0m  [["id", 1], ["LIMIT", 1]]
  ↳ app/controllers/microposts_controller.rb:30
  [1m[36mMicropost Create (0.8ms)[0m  [1m[32mINSERT INTO "microposts" ("content", "user_id", "created_at", "updated_at") VALUES (?, ?, ?, ?)[0m  [["content", "qwezxczxczxczxc"], ["user_id", 1], ["created_at", "2018-06-01 16:39:09.626849"], ["updated_at", "2018-06-01 16:39:09.626849"]]
  ↳ app/controllers/microposts_controller.rb:30
  [1m[35m (124.8ms)[0m  [1m[36mcommit transaction[0m
  ↳ app/controllers/microposts_controller.rb:30
Redirected to http://localhost:3000/microposts/2
Completed 302 Found in 132ms (ActiveRecord: 125.7ms)


Started GET "/microposts/2" for 127.0.0.1 at 2018-06-01 23:39:09 +0700
Processing by MicropostsController#show as HTML
  Parameters: {"id"=>"2"}
  [1m[36mMicropost Load (0.2ms)[0m  [1m[34mSELECT  "microposts".* FROM "microposts" WHERE "microposts"."id" = ? LIMIT ?[0m  [["id", 2], ["LIMIT", 1]]
  ↳ app/controllers/microposts_controller.rb:67
  Rendering microposts/show.html.erb within layouts/application
  Rendered microposts/show.html.erb within layouts/application (1.1ms)
Completed 200 OK in 19ms (Views: 17.3ms | ActiveRecord: 0.2ms)


Started GET "/microposts" for 127.0.0.1 at 2018-06-01 23:39:12 +0700
Processing by MicropostsController#index as HTML
  Rendering microposts/index.html.erb within layouts/application
  [1m[36mMicropost Load (0.4ms)[0m  [1m[34mSELECT "microposts".* FROM "microposts"[0m
  ↳ app/views/microposts/index.html.erb:15
  Rendered microposts/index.html.erb within layouts/application (3.4ms)
Completed 200 OK in 25ms (Views: 23.4ms | ActiveRecord: 0.4ms)


  [1m[35m (0.3ms)[0m  [1m[34mSELECT "users"."id" FROM "users"[0m
Started GET "/microposts/new" for 127.0.0.1 at 2018-06-01 23:39:31 +0700
Processing by MicropostsController#new as HTML
  Rendering microposts/new.html.erb within layouts/application
  Rendered microposts/_form.html.erb (2.4ms)
  Rendered microposts/new.html.erb within layouts/application (3.5ms)
Completed 200 OK in 28ms (Views: 26.7ms | ActiveRecord: 0.0ms)


Started POST "/microposts" for 127.0.0.1 at 2018-06-01 23:39:37 +0700
Processing by MicropostsController#create as HTML
  Parameters: {"utf8"=>"✓", "authenticity_token"=>"NTfv/jTB1OdfhzgtMr+HiPSZr+RxzPbDPAQPtg4RxNlo7uPK891BU2oL1jVs/EXFhnoRQd3UBCDEEDuvr0A5tQ==", "micropost"=>{"content"=>"zxczxczxczxc", "user_id"=>"3"}, "commit"=>"Create Micropost"}
  [1m[35m (0.2ms)[0m  [1m[36mbegin transaction[0m
  ↳ app/controllers/microposts_controller.rb:30
  [1m[36mUser Load (0.2ms)[0m  [1m[34mSELECT  "users".* FROM "users" WHERE "users"."id" = ? LIMIT ?[0m  [["id", 3], ["LIMIT", 1]]
  ↳ app/controllers/microposts_controller.rb:30
  [1m[36mMicropost Create (0.6ms)[0m  [1m[32mINSERT INTO "microposts" ("content", "user_id", "created_at", "updated_at") VALUES (?, ?, ?, ?)[0m  [["content", "zxczxczxczxc"], ["user_id", 3], ["created_at", "2018-06-01 16:39:37.640983"], ["updated_at", "2018-06-01 16:39:37.640983"]]
  ↳ app/controllers/microposts_controller.rb:30
  [1m[35m (79.7ms)[0m  [1m[36mcommit transaction[0m
  ↳ app/controllers/microposts_controller.rb:30
Redirected to http://localhost:3000/microposts/3
Completed 302 Found in 88ms (ActiveRecord: 80.7ms)


Started GET "/microposts/3" for 127.0.0.1 at 2018-06-01 23:39:37 +0700
Processing by MicropostsController#show as HTML
  Parameters: {"id"=>"3"}
  [1m[36mMicropost Load (0.2ms)[0m  [1m[34mSELECT  "microposts".* FROM "microposts" WHERE "microposts"."id" = ? LIMIT ?[0m  [["id", 3], ["LIMIT", 1]]
  ↳ app/controllers/microposts_controller.rb:67
  Rendering microposts/show.html.erb within layouts/application
  Rendered microposts/show.html.erb within layouts/application (0.8ms)
Completed 200 OK in 19ms (Views: 15.9ms | ActiveRecord: 0.2ms)


Started GET "/microposts" for 127.0.0.1 at 2018-06-01 23:39:39 +0700
Processing by MicropostsController#index as HTML
  Rendering microposts/index.html.erb within layouts/application
  [1m[36mMicropost Load (0.3ms)[0m  [1m[34mSELECT "microposts".* FROM "microposts"[0m
  ↳ app/views/microposts/index.html.erb:15
  Rendered microposts/index.html.erb within layouts/application (3.0ms)
Completed 200 OK in 23ms (Views: 21.9ms | ActiveRecord: 0.3ms)


Started GET "/users" for 127.0.0.1 at 2018-06-01 23:39:55 +0700
Processing by UsersController#index as HTML
  Rendering users/index.html.erb within layouts/application
  [1m[36mUser Load (0.2ms)[0m  [1m[34mSELECT "users".* FROM "users"[0m
  ↳ app/views/users/index.html.erb:15
  Rendered users/index.html.erb within layouts/application (2.1ms)
Completed 200 OK in 20ms (Views: 18.2ms | ActiveRecord: 0.2ms)


Started GET "/users/1" for 127.0.0.1 at 2018-06-01 23:39:58 +0700
Processing by UsersController#show as HTML
  Parameters: {"id"=>"1"}
  [1m[36mUser Load (0.2ms)[0m  [1m[34mSELECT  "users".* FROM "users" WHERE "users"."id" = ? LIMIT ?[0m  [["id", 1], ["LIMIT", 1]]
  ↳ app/controllers/users_controller.rb:76
  Rendering users/show.html.erb within layouts/application
  Rendered users/show.html.erb within layouts/application (1.0ms)
Completed 200 OK in 18ms (Views: 14.8ms | ActiveRecord: 0.2ms)


Started GET "/users/1/microposts" for 127.0.0.1 at 2018-06-01 23:39:59 +0700
Processing by UsersController#microposts as HTML
  Parameters: {"id"=>"1"}
  [1m[36mUser Load (0.1ms)[0m  [1m[34mSELECT  "users".* FROM "users" WHERE "users"."id" = ? LIMIT ?[0m  [["id", 1], ["LIMIT", 1]]
  ↳ app/controllers/users_controller.rb:76
  Rendering users/microposts.html.erb within layouts/application
  [1m[36mMicropost Load (0.3ms)[0m  [1m[34mSELECT "microposts".* FROM "microposts" WHERE "microposts"."user_id" = ?[0m  [["user_id", 1]]
  ↳ app/views/users/microposts.html.erb:15
  Rendered users/microposts.html.erb within layouts/application (3.3ms)
Completed 200 OK in 25ms (Views: 23.2ms | ActiveRecord: 0.5ms)


Started GET "/users/3" for 127.0.0.1 at 2018-06-01 23:40:06 +0700
Processing by UsersController#show as HTML
  Parameters: {"id"=>"3"}
  [1m[36mUser Load (0.2ms)[0m  [1m[34mSELECT  "users".* FROM "users" WHERE "users"."id" = ? LIMIT ?[0m  [["id", 3], ["LIMIT", 1]]
  ↳ app/controllers/users_controller.rb:76
  Rendering users/show.html.erb within layouts/application
  Rendered users/show.html.erb within layouts/application (1.6ms)
Completed 200 OK in 28ms (Views: 25.3ms | ActiveRecord: 0.2ms)


Started GET "/users/3/microposts" for 127.0.0.1 at 2018-06-01 23:40:07 +0700
Processing by UsersController#microposts as HTML
  Parameters: {"id"=>"3"}
  [1m[36mUser Load (0.2ms)[0m  [1m[34mSELECT  "users".* FROM "users" WHERE "users"."id" = ? LIMIT ?[0m  [["id", 3], ["LIMIT", 1]]
  ↳ app/controllers/users_controller.rb:76
  Rendering users/microposts.html.erb within layouts/application
  [1m[36mMicropost Load (0.2ms)[0m  [1m[34mSELECT "microposts".* FROM "microposts" WHERE "microposts"."user_id" = ?[0m  [["user_id", 3]]
  ↳ app/views/users/microposts.html.erb:15
  Rendered users/microposts.html.erb within layouts/application (3.6ms)
Completed 200 OK in 31ms (Views: 28.1ms | ActiveRecord: 0.4ms)


Started GET "/users/3/microposts" for 127.0.0.1 at 2018-06-01 23:49:54 +0700
  
ActionController::RoutingError (No route matches [GET] "/users/3/microposts"):
  
actionpack (5.2.0) lib/action_dispatch/middleware/debug_exceptions.rb:65:in `call'
web-console (3.6.2) lib/web_console/middleware.rb:135:in `call_app'
web-console (3.6.2) lib/web_console/middleware.rb:30:in `block in call'
web-console (3.6.2) lib/web_console/middleware.rb:20:in `catch'
web-console (3.6.2) lib/web_console/middleware.rb:20:in `call'
actionpack (5.2.0) lib/action_dispatch/middleware/show_exceptions.rb:33:in `call'
railties (5.2.0) lib/rails/rack/logger.rb:38:in `call_app'
railties (5.2.0) lib/rails/rack/logger.rb:26:in `block in call'
activesupport (5.2.0) lib/active_support/tagged_logging.rb:71:in `block in tagged'
activesupport (5.2.0) lib/active_support/tagged_logging.rb:28:in `tagged'
activesupport (5.2.0) lib/active_support/tagged_logging.rb:71:in `tagged'
railties (5.2.0) lib/rails/rack/logger.rb:26:in `call'
sprockets-rails (3.2.1) lib/sprockets/rails/quiet_assets.rb:13:in `call'
actionpack (5.2.0) lib/action_dispatch/middleware/remote_ip.rb:81:in `call'
actionpack (5.2.0) lib/action_dispatch/middleware/request_id.rb:27:in `call'
rack (2.0.5) lib/rack/method_override.rb:22:in `call'
rack (2.0.5) lib/rack/runtime.rb:22:in `call'
activesupport (5.2.0) lib/active_support/cache/strategy/local_cache_middleware.rb:29:in `call'
actionpack (5.2.0) lib/action_dispatch/middleware/executor.rb:14:in `call'
actionpack (5.2.0) lib/action_dispatch/middleware/static.rb:127:in `call'
rack (2.0.5) lib/rack/sendfile.rb:111:in `call'
railties (5.2.0) lib/rails/engine.rb:524:in `call'
puma (3.11.4) lib/puma/configuration.rb:225:in `call'
puma (3.11.4) lib/puma/server.rb:632:in `handle_request'
puma (3.11.4) lib/puma/server.rb:446:in `process_client'
puma (3.11.4) lib/puma/server.rb:306:in `block in run'
puma (3.11.4) lib/puma/thread_pool.rb:120:in `block in spawn_thread'
Started GET "/users/3/microposts" for 127.0.0.1 at 2018-06-01 23:49:57 +0700
  
ActionController::RoutingError (No route matches [GET] "/users/3/microposts"):
  
actionpack (5.2.0) lib/action_dispatch/middleware/debug_exceptions.rb:65:in `call'
web-console (3.6.2) lib/web_console/middleware.rb:135:in `call_app'
web-console (3.6.2) lib/web_console/middleware.rb:30:in `block in call'
web-console (3.6.2) lib/web_console/middleware.rb:20:in `catch'
web-console (3.6.2) lib/web_console/middleware.rb:20:in `call'
actionpack (5.2.0) lib/action_dispatch/middleware/show_exceptions.rb:33:in `call'
railties (5.2.0) lib/rails/rack/logger.rb:38:in `call_app'
railties (5.2.0) lib/rails/rack/logger.rb:26:in `block in call'
activesupport (5.2.0) lib/active_support/tagged_logging.rb:71:in `block in tagged'
activesupport (5.2.0) lib/active_support/tagged_logging.rb:28:in `tagged'
activesupport (5.2.0) lib/active_support/tagged_logging.rb:71:in `tagged'
railties (5.2.0) lib/rails/rack/logger.rb:26:in `call'
sprockets-rails (3.2.1) lib/sprockets/rails/quiet_assets.rb:13:in `call'
actionpack (5.2.0) lib/action_dispatch/middleware/remote_ip.rb:81:in `call'
actionpack (5.2.0) lib/action_dispatch/middleware/request_id.rb:27:in `call'
rack (2.0.5) lib/rack/method_override.rb:22:in `call'
rack (2.0.5) lib/rack/runtime.rb:22:in `call'
activesupport (5.2.0) lib/active_support/cache/strategy/local_cache_middleware.rb:29:in `call'
actionpack (5.2.0) lib/action_dispatch/middleware/executor.rb:14:in `call'
actionpack (5.2.0) lib/action_dispatch/middleware/static.rb:127:in `call'
rack (2.0.5) lib/rack/sendfile.rb:111:in `call'
railties (5.2.0) lib/rails/engine.rb:524:in `call'
puma (3.11.4) lib/puma/configuration.rb:225:in `call'
puma (3.11.4) lib/puma/server.rb:632:in `handle_request'
puma (3.11.4) lib/puma/server.rb:446:in `process_client'
puma (3.11.4) lib/puma/server.rb:306:in `block in run'
puma (3.11.4) lib/puma/thread_pool.rb:120:in `block in spawn_thread'
Started GET "/users/3/microposts" for 127.0.0.1 at 2018-06-01 23:50:10 +0700
  
NameError (undefined local variable or method `on' for #<ActionDispatch::Routing::Mapper:0x00007fa7c1041030>):
  
config/routes.rb:4:in `block (2 levels) in <main>'
config/routes.rb:3:in `block in <main>'
config/routes.rb:1:in `<main>'
Started GET "/ax" for 127.0.0.1 at 2018-06-01 23:51:02 +0700
  
ActionController::RoutingError (No route matches [GET] "/ax"):
  
actionpack (5.2.0) lib/action_dispatch/middleware/debug_exceptions.rb:65:in `call'
web-console (3.6.2) lib/web_console/middleware.rb:135:in `call_app'
web-console (3.6.2) lib/web_console/middleware.rb:30:in `block in call'
web-console (3.6.2) lib/web_console/middleware.rb:20:in `catch'
web-console (3.6.2) lib/web_console/middleware.rb:20:in `call'
actionpack (5.2.0) lib/action_dispatch/middleware/show_exceptions.rb:33:in `call'
railties (5.2.0) lib/rails/rack/logger.rb:38:in `call_app'
railties (5.2.0) lib/rails/rack/logger.rb:26:in `block in call'
activesupport (5.2.0) lib/active_support/tagged_logging.rb:71:in `block in tagged'
activesupport (5.2.0) lib/active_support/tagged_logging.rb:28:in `tagged'
activesupport (5.2.0) lib/active_support/tagged_logging.rb:71:in `tagged'
railties (5.2.0) lib/rails/rack/logger.rb:26:in `call'
sprockets-rails (3.2.1) lib/sprockets/rails/quiet_assets.rb:13:in `call'
actionpack (5.2.0) lib/action_dispatch/middleware/remote_ip.rb:81:in `call'
actionpack (5.2.0) lib/action_dispatch/middleware/request_id.rb:27:in `call'
rack (2.0.5) lib/rack/method_override.rb:22:in `call'
rack (2.0.5) lib/rack/runtime.rb:22:in `call'
activesupport (5.2.0) lib/active_support/cache/strategy/local_cache_middleware.rb:29:in `call'
actionpack (5.2.0) lib/action_dispatch/middleware/executor.rb:14:in `call'
actionpack (5.2.0) lib/action_dispatch/middleware/static.rb:127:in `call'
rack (2.0.5) lib/rack/sendfile.rb:111:in `call'
railties (5.2.0) lib/rails/engine.rb:524:in `call'
puma (3.11.4) lib/puma/configuration.rb:225:in `call'
puma (3.11.4) lib/puma/server.rb:632:in `handle_request'
puma (3.11.4) lib/puma/server.rb:446:in `process_client'
puma (3.11.4) lib/puma/server.rb:306:in `block in run'
puma (3.11.4) lib/puma/thread_pool.rb:120:in `block in spawn_thread'
Started GET "/ax" for 127.0.0.1 at 2018-06-01 23:52:19 +0700
  
ActionController::RoutingError (No route matches [GET] "/ax"):
  
actionpack (5.2.0) lib/action_dispatch/middleware/debug_exceptions.rb:65:in `call'
web-console (3.6.2) lib/web_console/middleware.rb:135:in `call_app'
web-console (3.6.2) lib/web_console/middleware.rb:30:in `block in call'
web-console (3.6.2) lib/web_console/middleware.rb:20:in `catch'
web-console (3.6.2) lib/web_console/middleware.rb:20:in `call'
actionpack (5.2.0) lib/action_dispatch/middleware/show_exceptions.rb:33:in `call'
railties (5.2.0) lib/rails/rack/logger.rb:38:in `call_app'
railties (5.2.0) lib/rails/rack/logger.rb:26:in `block in call'
activesupport (5.2.0) lib/active_support/tagged_logging.rb:71:in `block in tagged'
activesupport (5.2.0) lib/active_support/tagged_logging.rb:28:in `tagged'
activesupport (5.2.0) lib/active_support/tagged_logging.rb:71:in `tagged'
railties (5.2.0) lib/rails/rack/logger.rb:26:in `call'
sprockets-rails (3.2.1) lib/sprockets/rails/quiet_assets.rb:13:in `call'
actionpack (5.2.0) lib/action_dispatch/middleware/remote_ip.rb:81:in `call'
actionpack (5.2.0) lib/action_dispatch/middleware/request_id.rb:27:in `call'
rack (2.0.5) lib/rack/method_override.rb:22:in `call'
rack (2.0.5) lib/rack/runtime.rb:22:in `call'
activesupport (5.2.0) lib/active_support/cache/strategy/local_cache_middleware.rb:29:in `call'
actionpack (5.2.0) lib/action_dispatch/middleware/executor.rb:14:in `call'
actionpack (5.2.0) lib/action_dispatch/middleware/static.rb:127:in `call'
rack (2.0.5) lib/rack/sendfile.rb:111:in `call'
railties (5.2.0) lib/rails/engine.rb:524:in `call'
puma (3.11.4) lib/puma/configuration.rb:225:in `call'
puma (3.11.4) lib/puma/server.rb:632:in `handle_request'
puma (3.11.4) lib/puma/server.rb:446:in `process_client'
puma (3.11.4) lib/puma/server.rb:306:in `block in run'
puma (3.11.4) lib/puma/thread_pool.rb:120:in `block in spawn_thread'
Started GET "/ax" for 127.0.0.1 at 2018-06-01 23:52:21 +0700
  
ActionController::RoutingError (No route matches [GET] "/ax"):
  
actionpack (5.2.0) lib/action_dispatch/middleware/debug_exceptions.rb:65:in `call'
web-console (3.6.2) lib/web_console/middleware.rb:135:in `call_app'
web-console (3.6.2) lib/web_console/middleware.rb:30:in `block in call'
web-console (3.6.2) lib/web_console/middleware.rb:20:in `catch'
web-console (3.6.2) lib/web_console/middleware.rb:20:in `call'
actionpack (5.2.0) lib/action_dispatch/middleware/show_exceptions.rb:33:in `call'
railties (5.2.0) lib/rails/rack/logger.rb:38:in `call_app'
railties (5.2.0) lib/rails/rack/logger.rb:26:in `block in call'
activesupport (5.2.0) lib/active_support/tagged_logging.rb:71:in `block in tagged'
activesupport (5.2.0) lib/active_support/tagged_logging.rb:28:in `tagged'
activesupport (5.2.0) lib/active_support/tagged_logging.rb:71:in `tagged'
railties (5.2.0) lib/rails/rack/logger.rb:26:in `call'
sprockets-rails (3.2.1) lib/sprockets/rails/quiet_assets.rb:13:in `call'
actionpack (5.2.0) lib/action_dispatch/middleware/remote_ip.rb:81:in `call'
actionpack (5.2.0) lib/action_dispatch/middleware/request_id.rb:27:in `call'
rack (2.0.5) lib/rack/method_override.rb:22:in `call'
rack (2.0.5) lib/rack/runtime.rb:22:in `call'
activesupport (5.2.0) lib/active_support/cache/strategy/local_cache_middleware.rb:29:in `call'
actionpack (5.2.0) lib/action_dispatch/middleware/executor.rb:14:in `call'
actionpack (5.2.0) lib/action_dispatch/middleware/static.rb:127:in `call'
rack (2.0.5) lib/rack/sendfile.rb:111:in `call'
railties (5.2.0) lib/rails/engine.rb:524:in `call'
puma (3.11.4) lib/puma/configuration.rb:225:in `call'
puma (3.11.4) lib/puma/server.rb:632:in `handle_request'
puma (3.11.4) lib/puma/server.rb:446:in `process_client'
puma (3.11.4) lib/puma/server.rb:306:in `block in run'
puma (3.11.4) lib/puma/thread_pool.rb:120:in `block in spawn_thread'
Started GET "/axz" for 127.0.0.1 at 2018-06-01 23:53:21 +0700
  
ActionController::RoutingError (No route matches [GET] "/axz"):
  
actionpack (5.2.0) lib/action_dispatch/middleware/debug_exceptions.rb:65:in `call'
web-console (3.6.2) lib/web_console/middleware.rb:135:in `call_app'
web-console (3.6.2) lib/web_console/middleware.rb:30:in `block in call'
web-console (3.6.2) lib/web_console/middleware.rb:20:in `catch'
web-console (3.6.2) lib/web_console/middleware.rb:20:in `call'
actionpack (5.2.0) lib/action_dispatch/middleware/show_exceptions.rb:33:in `call'
railties (5.2.0) lib/rails/rack/logger.rb:38:in `call_app'
railties (5.2.0) lib/rails/rack/logger.rb:26:in `block in call'
activesupport (5.2.0) lib/active_support/tagged_logging.rb:71:in `block in tagged'
activesupport (5.2.0) lib/active_support/tagged_logging.rb:28:in `tagged'
activesupport (5.2.0) lib/active_support/tagged_logging.rb:71:in `tagged'
railties (5.2.0) lib/rails/rack/logger.rb:26:in `call'
sprockets-rails (3.2.1) lib/sprockets/rails/quiet_assets.rb:13:in `call'
actionpack (5.2.0) lib/action_dispatch/middleware/remote_ip.rb:81:in `call'
actionpack (5.2.0) lib/action_dispatch/middleware/request_id.rb:27:in `call'
rack (2.0.5) lib/rack/method_override.rb:22:in `call'
rack (2.0.5) lib/rack/runtime.rb:22:in `call'
activesupport (5.2.0) lib/active_support/cache/strategy/local_cache_middleware.rb:29:in `call'
actionpack (5.2.0) lib/action_dispatch/middleware/executor.rb:14:in `call'
actionpack (5.2.0) lib/action_dispatch/middleware/static.rb:127:in `call'
rack (2.0.5) lib/rack/sendfile.rb:111:in `call'
railties (5.2.0) lib/rails/engine.rb:524:in `call'
puma (3.11.4) lib/puma/configuration.rb:225:in `call'
puma (3.11.4) lib/puma/server.rb:632:in `handle_request'
puma (3.11.4) lib/puma/server.rb:446:in `process_client'
puma (3.11.4) lib/puma/server.rb:306:in `block in run'
puma (3.11.4) lib/puma/thread_pool.rb:120:in `block in spawn_thread'
